{"/Users/jarvis/Documents/gitHub/reflex-rush/src/analytics/AnalyticsLayer.ts": {"path":"/Users/jarvis/Documents/gitHub/reflex-rush/src/analytics/AnalyticsLayer.ts","statementMap":{"0":{"start":{"line":25,"column":0},"end":{"line":25,"column":16}},"1":{"start":{"line":29,"column":0},"end":{"line":29,"column":16}},"2":{"start":{"line":23,"column":41},"end":{"line":23,"column":45}},"3":{"start":{"line":26,"column":2},"end":{"line":26,"column":15}},"4":{"start":{"line":30,"column":2},"end":{"line":30,"column":37}},"5":{"start":{"line":33,"column":13},"end":{"line":37,"column":2}},"6":{"start":{"line":35,"column":4},"end":{"line":35,"column":60}},"7":{"start":{"line":35,"column":17},"end":{"line":35,"column":60}}},"fnMap":{"0":{"name":"setAnalyticsProvider","decl":{"start":{"line":25,"column":16},"end":{"line":25,"column":36}},"loc":{"start":{"line":25,"column":64},"end":{"line":27,"column":1}}},"1":{"name":"logEvent","decl":{"start":{"line":29,"column":16},"end":{"line":29,"column":24}},"loc":{"start":{"line":29,"column":74},"end":{"line":31,"column":1}}},"2":{"name":"(anonymous_2)","decl":{"start":{"line":34,"column":2},"end":{"line":34,"column":10}},"loc":{"start":{"line":34,"column":25},"end":{"line":36,"column":3}}}},"branchMap":{"0":{"loc":{"start":{"line":35,"column":4},"end":{"line":35,"column":60}},"type":"if","locations":[{"start":{"line":35,"column":4},"end":{"line":35,"column":60}}]}},"s":{"0":0,"1":0,"2":0,"3":0,"4":0,"5":0,"6":0,"7":0},"f":{"0":0,"1":0,"2":0},"b":{"0":[0]}}
,"/Users/jarvis/Documents/gitHub/reflex-rush/src/config/ShopCatalog.ts": {"path":"/Users/jarvis/Documents/gitHub/reflex-rush/src/config/ShopCatalog.ts","statementMap":{"0":{"start":{"line":12,"column":13},"end":{"line":20,"column":2}}},"fnMap":{},"branchMap":{},"s":{"0":1},"f":{},"b":{}}
,"/Users/jarvis/Documents/gitHub/reflex-rush/src/core/constants.ts": {"path":"/Users/jarvis/Documents/gitHub/reflex-rush/src/core/constants.ts","statementMap":{"0":{"start":{"line":8,"column":13},"end":{"line":23,"column":2}},"1":{"start":{"line":25,"column":13},"end":{"line":25,"column":37}},"2":{"start":{"line":26,"column":13},"end":{"line":26,"column":35}},"3":{"start":{"line":27,"column":13},"end":{"line":27,"column":54}},"4":{"start":{"line":29,"column":13},"end":{"line":29,"column":34}},"5":{"start":{"line":30,"column":13},"end":{"line":30,"column":37}},"6":{"start":{"line":31,"column":13},"end":{"line":31,"column":36}},"7":{"start":{"line":34,"column":13},"end":{"line":34,"column":37}},"8":{"start":{"line":35,"column":13},"end":{"line":35,"column":38}},"9":{"start":{"line":36,"column":13},"end":{"line":36,"column":44}},"10":{"start":{"line":37,"column":13},"end":{"line":37,"column":44}},"11":{"start":{"line":38,"column":13},"end":{"line":38,"column":45}},"12":{"start":{"line":39,"column":13},"end":{"line":39,"column":46}},"13":{"start":{"line":40,"column":13},"end":{"line":40,"column":30}},"14":{"start":{"line":41,"column":13},"end":{"line":41,"column":37}},"15":{"start":{"line":42,"column":13},"end":{"line":42,"column":34}},"16":{"start":{"line":43,"column":13},"end":{"line":43,"column":33}},"17":{"start":{"line":44,"column":13},"end":{"line":44,"column":33}},"18":{"start":{"line":45,"column":13},"end":{"line":45,"column":40}},"19":{"start":{"line":46,"column":13},"end":{"line":46,"column":36}},"20":{"start":{"line":47,"column":13},"end":{"line":47,"column":39}}},"fnMap":{},"branchMap":{},"s":{"0":9,"1":9,"2":9,"3":9,"4":9,"5":9,"6":9,"7":9,"8":9,"9":9,"10":9,"11":9,"12":9,"13":9,"14":9,"15":9,"16":9,"17":9,"18":9,"19":9,"20":9},"f":{},"b":{}}
,"/Users/jarvis/Documents/gitHub/reflex-rush/src/core/index.ts": {"path":"/Users/jarvis/Documents/gitHub/reflex-rush/src/core/index.ts","statementMap":{"0":{"start":{"line":1,"column":0},"end":{"line":1,"column":24}},"1":{"start":{"line":2,"column":0},"end":{"line":2,"column":28}}},"fnMap":{},"branchMap":{},"s":{"0":0,"1":0},"f":{},"b":{}}
,"/Users/jarvis/Documents/gitHub/reflex-rush/src/core/types.ts": {"path":"/Users/jarvis/Documents/gitHub/reflex-rush/src/core/types.ts","statementMap":{"0":{"start":{"line":10,"column":0},"end":{"line":10,"column":null}},"1":{"start":{"line":11,"column":2},"end":{"line":11,"column":null}},"2":{"start":{"line":12,"column":2},"end":{"line":12,"column":null}},"3":{"start":{"line":13,"column":2},"end":{"line":13,"column":null}},"4":{"start":{"line":14,"column":2},"end":{"line":14,"column":null}},"5":{"start":{"line":16,"column":2},"end":{"line":16,"column":null}},"6":{"start":{"line":17,"column":2},"end":{"line":17,"column":null}},"7":{"start":{"line":18,"column":2},"end":{"line":18,"column":null}},"8":{"start":{"line":19,"column":2},"end":{"line":19,"column":null}},"9":{"start":{"line":20,"column":2},"end":{"line":20,"column":null}},"10":{"start":{"line":21,"column":2},"end":{"line":21,"column":null}},"11":{"start":{"line":22,"column":2},"end":{"line":22,"column":null}},"12":{"start":{"line":23,"column":2},"end":{"line":23,"column":null}}},"fnMap":{"0":{"name":"(anonymous_0)","decl":{"start":{"line":10,"column":0},"end":{"line":10,"column":12}},"loc":{"start":{"line":10,"column":22},"end":{"line":24,"column":1}}}},"branchMap":{"0":{"loc":{"start":{"line":10,"column":12},"end":{"line":10,"column":null}},"type":"binary-expr","locations":[{"start":{"line":10,"column":12},"end":{"line":10,"column":22}},{"start":{"line":10,"column":22},"end":{"line":10,"column":null}}]}},"s":{"0":12,"1":12,"2":12,"3":12,"4":12,"5":12,"6":12,"7":12,"8":12,"9":12,"10":12,"11":12,"12":12},"f":{"0":12},"b":{"0":[12,12]}}
,"/Users/jarvis/Documents/gitHub/reflex-rush/src/engine/CollisionSystem.ts": {"path":"/Users/jarvis/Documents/gitHub/reflex-rush/src/engine/CollisionSystem.ts","statementMap":{"0":{"start":{"line":7,"column":0},"end":{"line":7,"column":16}},"1":{"start":{"line":16,"column":0},"end":{"line":16,"column":16}},"2":{"start":{"line":8,"column":2},"end":{"line":13,"column":4}},"3":{"start":{"line":17,"column":13},"end":{"line":17,"column":30}},"4":{"start":{"line":18,"column":13},"end":{"line":18,"column":31}},"5":{"start":{"line":19,"column":13},"end":{"line":19,"column":30}},"6":{"start":{"line":20,"column":13},"end":{"line":20,"column":31}},"7":{"start":{"line":21,"column":2},"end":{"line":21,"column":38}}},"fnMap":{"0":{"name":"intersectAABB","decl":{"start":{"line":7,"column":16},"end":{"line":7,"column":29}},"loc":{"start":{"line":7,"column":50},"end":{"line":14,"column":1}}},"1":{"name":"distanceBetween","decl":{"start":{"line":16,"column":16},"end":{"line":16,"column":31}},"loc":{"start":{"line":16,"column":52},"end":{"line":22,"column":1}}}},"branchMap":{"0":{"loc":{"start":{"line":9,"column":4},"end":{"line":12,"column":24}},"type":"binary-expr","locations":[{"start":{"line":9,"column":4},"end":{"line":9,"column":23}},{"start":{"line":10,"column":4},"end":{"line":10,"column":23}},{"start":{"line":11,"column":4},"end":{"line":11,"column":24}},{"start":{"line":12,"column":4},"end":{"line":12,"column":24}}]}},"s":{"0":3,"1":3,"2":8,"3":2,"4":2,"5":2,"6":2,"7":2},"f":{"0":8,"1":2},"b":{"0":[8,7,4,4]}}
,"/Users/jarvis/Documents/gitHub/reflex-rush/src/engine/GameLoop.ts": {"path":"/Users/jarvis/Documents/gitHub/reflex-rush/src/engine/GameLoop.ts","statementMap":{"0":{"start":{"line":17,"column":0},"end":{"line":17,"column":16}},"1":{"start":{"line":14,"column":19},"end":{"line":14,"column":21}},"2":{"start":{"line":15,"column":17},"end":{"line":15,"column":34}},"3":{"start":{"line":18,"column":29},"end":{"line":18,"column":33}},"4":{"start":{"line":19,"column":22},"end":{"line":19,"column":45}},"5":{"start":{"line":20,"column":17},"end":{"line":20,"column":18}},"6":{"start":{"line":21,"column":16},"end":{"line":21,"column":21}},"7":{"start":{"line":24,"column":4},"end":{"line":24,"column":25}},"8":{"start":{"line":24,"column":18},"end":{"line":24,"column":25}},"9":{"start":{"line":25,"column":18},"end":{"line":25,"column":56}},"10":{"start":{"line":26,"column":4},"end":{"line":26,"column":19}},"11":{"start":{"line":27,"column":4},"end":{"line":27,"column":43}},"12":{"start":{"line":27,"column":32},"end":{"line":27,"column":41}},"13":{"start":{"line":28,"column":4},"end":{"line":28,"column":40}},"14":{"start":{"line":31,"column":2},"end":{"line":50,"column":4}},"15":{"start":{"line":33,"column":6},"end":{"line":33,"column":26}},"16":{"start":{"line":33,"column":19},"end":{"line":33,"column":26}},"17":{"start":{"line":34,"column":6},"end":{"line":34,"column":21}},"18":{"start":{"line":35,"column":6},"end":{"line":35,"column":35}},"19":{"start":{"line":36,"column":6},"end":{"line":36,"column":42}},"20":{"start":{"line":39,"column":6},"end":{"line":39,"column":22}},"21":{"start":{"line":40,"column":6},"end":{"line":43,"column":7}},"22":{"start":{"line":41,"column":8},"end":{"line":41,"column":36}},"23":{"start":{"line":42,"column":8},"end":{"line":42,"column":21}},"24":{"start":{"line":45,"column":21},"end":{"line":45,"column":28}},"25":{"start":{"line":47,"column":6},"end":{"line":47,"column":26}},"26":{"start":{"line":48,"column":6},"end":{"line":48,"column":42}},"27":{"start":{"line":48,"column":19},"end":{"line":48,"column":41}}},"fnMap":{"0":{"name":"createGameLoop","decl":{"start":{"line":17,"column":16},"end":{"line":17,"column":30}},"loc":{"start":{"line":17,"column":30},"end":{"line":51,"column":1}}},"1":{"name":"tick","decl":{"start":{"line":23,"column":11},"end":{"line":23,"column":15}},"loc":{"start":{"line":23,"column":27},"end":{"line":29,"column":3}}},"2":{"name":"(anonymous_2)","decl":{"start":{"line":27,"column":24},"end":{"line":27,"column":25}},"loc":{"start":{"line":27,"column":32},"end":{"line":27,"column":41}}},"3":{"name":"(anonymous_3)","decl":{"start":{"line":32,"column":4},"end":{"line":32,"column":9}},"loc":{"start":{"line":32,"column":9},"end":{"line":37,"column":5}}},"4":{"name":"(anonymous_4)","decl":{"start":{"line":38,"column":4},"end":{"line":38,"column":8}},"loc":{"start":{"line":38,"column":8},"end":{"line":44,"column":5}}},"5":{"name":"(anonymous_5)","decl":{"start":{"line":45,"column":15},"end":{"line":45,"column":18}},"loc":{"start":{"line":45,"column":21},"end":{"line":45,"column":28}}},"6":{"name":"(anonymous_6)","decl":{"start":{"line":46,"column":4},"end":{"line":46,"column":13}},"loc":{"start":{"line":46,"column":30},"end":{"line":49,"column":5}}},"7":{"name":"(anonymous_7)","decl":{"start":{"line":48,"column":13},"end":{"line":48,"column":16}},"loc":{"start":{"line":48,"column":19},"end":{"line":48,"column":41}}}},"branchMap":{"0":{"loc":{"start":{"line":24,"column":4},"end":{"line":24,"column":25}},"type":"if","locations":[{"start":{"line":24,"column":4},"end":{"line":24,"column":25}}]},"1":{"loc":{"start":{"line":33,"column":6},"end":{"line":33,"column":26}},"type":"if","locations":[{"start":{"line":33,"column":6},"end":{"line":33,"column":26}}]},"2":{"loc":{"start":{"line":40,"column":6},"end":{"line":43,"column":7}},"type":"if","locations":[{"start":{"line":40,"column":6},"end":{"line":43,"column":7}}]}},"s":{"0":2,"1":2,"2":2,"3":16,"4":16,"5":16,"6":16,"7":4,"8":0,"9":4,"10":4,"11":4,"12":1,"13":4,"14":16,"15":14,"16":1,"17":13,"18":13,"19":13,"20":18,"21":18,"22":13,"23":13,"24":3,"25":15,"26":15,"27":13},"f":{"0":16,"1":4,"2":1,"3":14,"4":18,"5":3,"6":15,"7":13},"b":{"0":[0],"1":[1],"2":[13]}}
,"/Users/jarvis/Documents/gitHub/reflex-rush/src/engine/GameRunner.ts": {"path":"/Users/jarvis/Documents/gitHub/reflex-rush/src/engine/GameRunner.ts","statementMap":{"0":{"start":{"line":71,"column":0},"end":{"line":71,"column":16}},"1":{"start":{"line":6,"column":0},"end":{"line":6,"column":43}},"2":{"start":{"line":7,"column":0},"end":{"line":7,"column":94}},"3":{"start":{"line":8,"column":0},"end":{"line":8,"column":62}},"4":{"start":{"line":9,"column":0},"end":{"line":9,"column":44}},"5":{"start":{"line":10,"column":0},"end":{"line":10,"column":71}},"6":{"start":{"line":11,"column":0},"end":{"line":11,"column":78}},"7":{"start":{"line":12,"column":0},"end":{"line":12,"column":77}},"8":{"start":{"line":13,"column":0},"end":{"line":13,"column":null}},"9":{"start":{"line":18,"column":0},"end":{"line":18,"column":61}},"10":{"start":{"line":19,"column":0},"end":{"line":19,"column":59}},"11":{"start":{"line":20,"column":0},"end":{"line":20,"column":65}},"12":{"start":{"line":21,"column":0},"end":{"line":21,"column":50}},"13":{"start":{"line":24,"column":0},"end":{"line":24,"column":null}},"14":{"start":{"line":75,"column":15},"end":{"line":75,"column":31}},"15":{"start":{"line":76,"column":16},"end":{"line":76,"column":47}},"16":{"start":{"line":77,"column":16},"end":{"line":77,"column":35}},"17":{"start":{"line":78,"column":19},"end":{"line":78,"column":41}},"18":{"start":{"line":79,"column":25},"end":{"line":79,"column":47}},"19":{"start":{"line":80,"column":23},"end":{"line":80,"column":43}},"20":{"start":{"line":82,"column":31},"end":{"line":98,"column":4}},"21":{"start":{"line":100,"column":17},"end":{"line":100,"column":60}},"22":{"start":{"line":100,"column":23},"end":{"line":100,"column":60}},"23":{"start":{"line":103,"column":4},"end":{"line":103,"column":43}},"24":{"start":{"line":103,"column":36},"end":{"line":103,"column":43}},"25":{"start":{"line":104,"column":4},"end":{"line":104,"column":30}},"26":{"start":{"line":105,"column":4},"end":{"line":105,"column":31}},"27":{"start":{"line":106,"column":4},"end":{"line":106,"column":30}},"28":{"start":{"line":107,"column":4},"end":{"line":107,"column":32}},"29":{"start":{"line":108,"column":4},"end":{"line":108,"column":16}},"30":{"start":{"line":109,"column":4},"end":{"line":109,"column":13}},"31":{"start":{"line":113,"column":14},"end":{"line":113,"column":39}},"32":{"start":{"line":114,"column":14},"end":{"line":114,"column":40}},"33":{"start":{"line":115,"column":4},"end":{"line":115,"column":18}},"34":{"start":{"line":116,"column":4},"end":{"line":116,"column":18}},"35":{"start":{"line":117,"column":4},"end":{"line":117,"column":25}},"36":{"start":{"line":119,"column":19},"end":{"line":119,"column":85}},"37":{"start":{"line":120,"column":4},"end":{"line":136,"column":6}},"38":{"start":{"line":137,"column":4},"end":{"line":137,"column":36}},"39":{"start":{"line":138,"column":4},"end":{"line":138,"column":36}},"40":{"start":{"line":139,"column":4},"end":{"line":139,"column":17}},"41":{"start":{"line":140,"column":4},"end":{"line":140,"column":13}},"42":{"start":{"line":143,"column":23},"end":{"line":143,"column":37}},"43":{"start":{"line":145,"column":16},"end":{"line":328,"column":4}},"44":{"start":{"line":146,"column":4},"end":{"line":146,"column":71}},"45":{"start":{"line":146,"column":64},"end":{"line":146,"column":71}},"46":{"start":{"line":148,"column":16},"end":{"line":148,"column":26}},"47":{"start":{"line":149,"column":4},"end":{"line":149,"column":55}},"48":{"start":{"line":150,"column":23},"end":{"line":150,"column":62}},"49":{"start":{"line":151,"column":20},"end":{"line":151,"column":44}},"50":{"start":{"line":152,"column":29},"end":{"line":152,"column":64}},"51":{"start":{"line":153,"column":21},"end":{"line":153,"column":44}},"52":{"start":{"line":154,"column":14},"end":{"line":154,"column":39}},"53":{"start":{"line":155,"column":14},"end":{"line":155,"column":40}},"54":{"start":{"line":156,"column":23},"end":{"line":156,"column":65}},"55":{"start":{"line":158,"column":19},"end":{"line":158,"column":33}},"56":{"start":{"line":159,"column":4},"end":{"line":159,"column":24}},"57":{"start":{"line":159,"column":17},"end":{"line":159,"column":24}},"58":{"start":{"line":162,"column":20},"end":{"line":162,"column":81}},"59":{"start":{"line":163,"column":20},"end":{"line":163,"column":82}},"60":{"start":{"line":164,"column":4},"end":{"line":164,"column":28}},"61":{"start":{"line":165,"column":4},"end":{"line":165,"column":28}},"62":{"start":{"line":166,"column":4},"end":{"line":166,"column":77}},"63":{"start":{"line":167,"column":4},"end":{"line":167,"column":77}},"64":{"start":{"line":168,"column":4},"end":{"line":168,"column":59}},"65":{"start":{"line":169,"column":4},"end":{"line":169,"column":59}},"66":{"start":{"line":172,"column":25},"end":{"line":172,"column":71}},"67":{"start":{"line":173,"column":4},"end":{"line":173,"column":46}},"68":{"start":{"line":176,"column":23},"end":{"line":176,"column":49}},"69":{"start":{"line":177,"column":4},"end":{"line":177,"column":70}},"70":{"start":{"line":177,"column":32},"end":{"line":177,"column":70}},"71":{"start":{"line":178,"column":27},"end":{"line":178,"column":86}},"72":{"start":{"line":179,"column":4},"end":{"line":179,"column":46}},"73":{"start":{"line":180,"column":4},"end":{"line":180,"column":61}},"74":{"start":{"line":180,"column":35},"end":{"line":180,"column":61}},"75":{"start":{"line":183,"column":48},"end":{"line":186,"column":null}},"76":{"start":{"line":188,"column":4},"end":{"line":188,"column":70}},"77":{"start":{"line":188,"column":43},"end":{"line":188,"column":70}},"78":{"start":{"line":189,"column":4},"end":{"line":189,"column":94}},"79":{"start":{"line":189,"column":56},"end":{"line":189,"column":92}},"80":{"start":{"line":192,"column":22},"end":{"line":192,"column":81}},"81":{"start":{"line":193,"column":4},"end":{"line":193,"column":80}},"82":{"start":{"line":193,"column":53},"end":{"line":193,"column":80}},"83":{"start":{"line":194,"column":4},"end":{"line":196,"column":6}},"84":{"start":{"line":195,"column":13},"end":{"line":195,"column":59}},"85":{"start":{"line":198,"column":43},"end":{"line":198,"column":45}},"86":{"start":{"line":199,"column":4},"end":{"line":221,"column":5}},"87":{"start":{"line":200,"column":19},"end":{"line":200,"column":55}},"88":{"start":{"line":201,"column":6},"end":{"line":201,"column":30}},"89":{"start":{"line":202,"column":6},"end":{"line":220,"column":7}},"90":{"start":{"line":203,"column":8},"end":{"line":203,"column":40}},"91":{"start":{"line":204,"column":45},"end":{"line":204,"column":74}},"92":{"start":{"line":205,"column":8},"end":{"line":205,"column":38}},"93":{"start":{"line":206,"column":8},"end":{"line":206,"column":50}},"94":{"start":{"line":206,"column":21},"end":{"line":206,"column":50}},"95":{"start":{"line":208,"column":10},"end":{"line":212,"column":31}},"96":{"start":{"line":213,"column":8},"end":{"line":218,"column":11}},"97":{"start":{"line":219,"column":8},"end":{"line":219,"column":36}},"98":{"start":{"line":223,"column":4},"end":{"line":225,"column":6}},"99":{"start":{"line":224,"column":13},"end":{"line":224,"column":49}},"100":{"start":{"line":228,"column":4},"end":{"line":233,"column":5}},"101":{"start":{"line":229,"column":6},"end":{"line":232,"column":7}},"102":{"start":{"line":230,"column":8},"end":{"line":230,"column":46}},"103":{"start":{"line":231,"column":8},"end":{"line":231,"column":46}},"104":{"start":{"line":234,"column":4},"end":{"line":234,"column":82}},"105":{"start":{"line":234,"column":60},"end":{"line":234,"column":80}},"106":{"start":{"line":236,"column":4},"end":{"line":241,"column":5}},"107":{"start":{"line":237,"column":6},"end":{"line":240,"column":7}},"108":{"start":{"line":238,"column":8},"end":{"line":238,"column":46}},"109":{"start":{"line":239,"column":8},"end":{"line":239,"column":46}},"110":{"start":{"line":242,"column":4},"end":{"line":242,"column":73}},"111":{"start":{"line":242,"column":51},"end":{"line":242,"column":71}},"112":{"start":{"line":244,"column":25},"end":{"line":244,"column":78}},"113":{"start":{"line":245,"column":4},"end":{"line":260,"column":5}},"114":{"start":{"line":246,"column":25},"end":{"line":246,"column":66}},"115":{"start":{"line":247,"column":25},"end":{"line":247,"column":56}},"116":{"start":{"line":248,"column":19},"end":{"line":250,"column":null}},"117":{"start":{"line":252,"column":6},"end":{"line":259,"column":7}},"118":{"start":{"line":253,"column":21},"end":{"line":253,"column":63}},"119":{"start":{"line":254,"column":8},"end":{"line":254,"column":64}},"120":{"start":{"line":255,"column":8},"end":{"line":255,"column":27}},"121":{"start":{"line":256,"column":13},"end":{"line":259,"column":7}},"122":{"start":{"line":257,"column":8},"end":{"line":257,"column":46}},"123":{"start":{"line":258,"column":8},"end":{"line":258,"column":46}},"124":{"start":{"line":263,"column":35},"end":{"line":263,"column":37}},"125":{"start":{"line":264,"column":4},"end":{"line":270,"column":5}},"126":{"start":{"line":265,"column":6},"end":{"line":269,"column":7}},"127":{"start":{"line":266,"column":8},"end":{"line":266,"column":32}},"128":{"start":{"line":267,"column":8},"end":{"line":267,"column":47}},"129":{"start":{"line":268,"column":8},"end":{"line":268,"column":33}},"130":{"start":{"line":271,"column":4},"end":{"line":271,"column":74}},"131":{"start":{"line":271,"column":44},"end":{"line":271,"column":72}},"132":{"start":{"line":272,"column":4},"end":{"line":272,"column":65}},"133":{"start":{"line":272,"column":44},"end":{"line":272,"column":63}},"134":{"start":{"line":275,"column":38},"end":{"line":275,"column":40}},"135":{"start":{"line":276,"column":4},"end":{"line":296,"column":5}},"136":{"start":{"line":277,"column":6},"end":{"line":295,"column":7}},"137":{"start":{"line":278,"column":8},"end":{"line":278,"column":36}},"138":{"start":{"line":279,"column":8},"end":{"line":293,"column":9}},"139":{"start":{"line":280,"column":27},"end":{"line":280,"column":83}},"140":{"start":{"line":281,"column":10},"end":{"line":281,"column":37}},"141":{"start":{"line":282,"column":15},"end":{"line":293,"column":9}},"142":{"start":{"line":283,"column":10},"end":{"line":283,"column":61}},"143":{"start":{"line":283,"column":39},"end":{"line":283,"column":61}},"144":{"start":{"line":284,"column":15},"end":{"line":293,"column":9}},"145":{"start":{"line":285,"column":10},"end":{"line":290,"column":27}},"146":{"start":{"line":291,"column":15},"end":{"line":293,"column":9}},"147":{"start":{"line":292,"column":10},"end":{"line":292,"column":49}},"148":{"start":{"line":294,"column":8},"end":{"line":294,"column":36}},"149":{"start":{"line":297,"column":4},"end":{"line":297,"column":83}},"150":{"start":{"line":297,"column":50},"end":{"line":297,"column":81}},"151":{"start":{"line":300,"column":22},"end":{"line":300,"column":41}},"152":{"start":{"line":301,"column":35},"end":{"line":301,"column":37}},"153":{"start":{"line":302,"column":4},"end":{"line":315,"column":5}},"154":{"start":{"line":303,"column":19},"end":{"line":303,"column":53}},"155":{"start":{"line":304,"column":6},"end":{"line":314,"column":7}},"156":{"start":{"line":305,"column":8},"end":{"line":313,"column":9}},"157":{"start":{"line":306,"column":10},"end":{"line":306,"column":36}},"158":{"start":{"line":307,"column":10},"end":{"line":307,"column":43}},"159":{"start":{"line":308,"column":10},"end":{"line":308,"column":49}},"160":{"start":{"line":310,"column":10},"end":{"line":310,"column":37}},"161":{"start":{"line":311,"column":10},"end":{"line":311,"column":49}},"162":{"start":{"line":312,"column":10},"end":{"line":312,"column":40}},"163":{"start":{"line":316,"column":4},"end":{"line":316,"column":74}},"164":{"start":{"line":316,"column":44},"end":{"line":316,"column":72}},"165":{"start":{"line":318,"column":4},"end":{"line":321,"column":5}},"166":{"start":{"line":319,"column":6},"end":{"line":319,"column":30}},"167":{"start":{"line":320,"column":6},"end":{"line":320,"column":13}},"168":{"start":{"line":324,"column":4},"end":{"line":324,"column":41}},"169":{"start":{"line":325,"column":4},"end":{"line":325,"column":47}},"170":{"start":{"line":326,"column":4},"end":{"line":326,"column":69}},"171":{"start":{"line":326,"column":54},"end":{"line":326,"column":67}},"172":{"start":{"line":327,"column":4},"end":{"line":327,"column":13}},"173":{"start":{"line":331,"column":4},"end":{"line":331,"column":16}},"174":{"start":{"line":332,"column":4},"end":{"line":348,"column":6}},"175":{"start":{"line":349,"column":4},"end":{"line":349,"column":13}},"176":{"start":{"line":352,"column":2},"end":{"line":384,"column":4}},"177":{"start":{"line":353,"column":21},"end":{"line":353,"column":33}},"178":{"start":{"line":356,"column":6},"end":{"line":356,"column":28}},"179":{"start":{"line":357,"column":6},"end":{"line":357,"column":32}},"180":{"start":{"line":358,"column":6},"end":{"line":358,"column":31}},"181":{"start":{"line":359,"column":6},"end":{"line":359,"column":17}},"182":{"start":{"line":366,"column":6},"end":{"line":366,"column":73}},"183":{"start":{"line":366,"column":66},"end":{"line":366,"column":73}},"184":{"start":{"line":367,"column":6},"end":{"line":367,"column":32}},"185":{"start":{"line":368,"column":19},"end":{"line":368,"column":22}},"186":{"start":{"line":369,"column":6},"end":{"line":369,"column":33}},"187":{"start":{"line":370,"column":6},"end":{"line":370,"column":33}},"188":{"start":{"line":371,"column":16},"end":{"line":371,"column":28}},"189":{"start":{"line":372,"column":16},"end":{"line":372,"column":29}},"190":{"start":{"line":373,"column":21},"end":{"line":373,"column":35}},"191":{"start":{"line":374,"column":6},"end":{"line":377,"column":7}},"192":{"start":{"line":375,"column":8},"end":{"line":375,"column":86}},"193":{"start":{"line":376,"column":8},"end":{"line":376,"column":87}},"194":{"start":{"line":378,"column":6},"end":{"line":378,"column":15}},"195":{"start":{"line":381,"column":6},"end":{"line":381,"column":14}},"196":{"start":{"line":382,"column":6},"end":{"line":382,"column":18}}},"fnMap":{"0":{"name":"createGameRunner","decl":{"start":{"line":71,"column":16},"end":{"line":71,"column":32}},"loc":{"start":{"line":73,"column":32},"end":{"line":385,"column":1}}},"1":{"name":"(anonymous_1)","decl":{"start":{"line":100,"column":17},"end":{"line":100,"column":20}},"loc":{"start":{"line":100,"column":23},"end":{"line":100,"column":60}}},"2":{"name":"kill","decl":{"start":{"line":102,"column":11},"end":{"line":102,"column":15}},"loc":{"start":{"line":102,"column":30},"end":{"line":110,"column":3}}},"3":{"name":"startRun","decl":{"start":{"line":112,"column":11},"end":{"line":112,"column":19}},"loc":{"start":{"line":112,"column":19},"end":{"line":141,"column":3}}},"4":{"name":"(anonymous_4)","decl":{"start":{"line":145,"column":31},"end":{"line":145,"column":32}},"loc":{"start":{"line":145,"column":51},"end":{"line":328,"column":3}}},"5":{"name":"(anonymous_5)","decl":{"start":{"line":189,"column":49},"end":{"line":189,"column":50}},"loc":{"start":{"line":189,"column":56},"end":{"line":189,"column":92}}},"6":{"name":"(anonymous_6)","decl":{"start":{"line":195,"column":6},"end":{"line":195,"column":7}},"loc":{"start":{"line":195,"column":13},"end":{"line":195,"column":59}}},"7":{"name":"(anonymous_7)","decl":{"start":{"line":224,"column":6},"end":{"line":224,"column":7}},"loc":{"start":{"line":224,"column":13},"end":{"line":224,"column":49}}},"8":{"name":"(anonymous_8)","decl":{"start":{"line":234,"column":53},"end":{"line":234,"column":54}},"loc":{"start":{"line":234,"column":60},"end":{"line":234,"column":80}}},"9":{"name":"(anonymous_9)","decl":{"start":{"line":242,"column":43},"end":{"line":242,"column":44}},"loc":{"start":{"line":242,"column":51},"end":{"line":242,"column":71}}},"10":{"name":"(anonymous_10)","decl":{"start":{"line":271,"column":37},"end":{"line":271,"column":38}},"loc":{"start":{"line":271,"column":44},"end":{"line":271,"column":72}}},"11":{"name":"(anonymous_11)","decl":{"start":{"line":272,"column":37},"end":{"line":272,"column":38}},"loc":{"start":{"line":272,"column":44},"end":{"line":272,"column":63}}},"12":{"name":"(anonymous_12)","decl":{"start":{"line":297,"column":43},"end":{"line":297,"column":44}},"loc":{"start":{"line":297,"column":50},"end":{"line":297,"column":81}}},"13":{"name":"(anonymous_13)","decl":{"start":{"line":316,"column":37},"end":{"line":316,"column":38}},"loc":{"start":{"line":316,"column":44},"end":{"line":316,"column":72}}},"14":{"name":"(anonymous_14)","decl":{"start":{"line":326,"column":47},"end":{"line":326,"column":48}},"loc":{"start":{"line":326,"column":54},"end":{"line":326,"column":67}}},"15":{"name":"goToMenu","decl":{"start":{"line":330,"column":11},"end":{"line":330,"column":19}},"loc":{"start":{"line":330,"column":19},"end":{"line":350,"column":3}}},"16":{"name":"(anonymous_16)","decl":{"start":{"line":353,"column":14},"end":{"line":353,"column":17}},"loc":{"start":{"line":353,"column":21},"end":{"line":353,"column":33}}},"17":{"name":"(anonymous_17)","decl":{"start":{"line":355,"column":4},"end":{"line":355,"column":9}},"loc":{"start":{"line":355,"column":9},"end":{"line":360,"column":5}}},"18":{"name":"(anonymous_18)","decl":{"start":{"line":362,"column":4},"end":{"line":362,"column":11}},"loc":{"start":{"line":362,"column":56},"end":{"line":364,"column":5}}},"19":{"name":"(anonymous_19)","decl":{"start":{"line":365,"column":4},"end":{"line":365,"column":16}},"loc":{"start":{"line":365,"column":39},"end":{"line":379,"column":5}}},"20":{"name":"(anonymous_20)","decl":{"start":{"line":380,"column":4},"end":{"line":380,"column":11}},"loc":{"start":{"line":380,"column":11},"end":{"line":383,"column":5}}}},"branchMap":{"0":{"loc":{"start":{"line":103,"column":4},"end":{"line":103,"column":43}},"type":"if","locations":[{"start":{"line":103,"column":4},"end":{"line":103,"column":43}}]},"1":{"loc":{"start":{"line":146,"column":4},"end":{"line":146,"column":71}},"type":"if","locations":[{"start":{"line":146,"column":4},"end":{"line":146,"column":71}}]},"2":{"loc":{"start":{"line":146,"column":8},"end":{"line":146,"column":62}},"type":"binary-expr","locations":[{"start":{"line":146,"column":8},"end":{"line":146,"column":34}},{"start":{"line":146,"column":38},"end":{"line":146,"column":62}}]},"3":{"loc":{"start":{"line":149,"column":27},"end":{"line":149,"column":54}},"type":"binary-expr","locations":[{"start":{"line":149,"column":27},"end":{"line":149,"column":47}},{"start":{"line":149,"column":51},"end":{"line":149,"column":54}}]},"4":{"loc":{"start":{"line":152,"column":29},"end":{"line":152,"column":64}},"type":"cond-expr","locations":[{"start":{"line":152,"column":39},"end":{"line":152,"column":40}},{"start":{"line":152,"column":43},"end":{"line":152,"column":64}}]},"5":{"loc":{"start":{"line":156,"column":24},"end":{"line":156,"column":53}},"type":"binary-expr","locations":[{"start":{"line":156,"column":24},"end":{"line":156,"column":47}},{"start":{"line":156,"column":51},"end":{"line":156,"column":53}}]},"6":{"loc":{"start":{"line":159,"column":4},"end":{"line":159,"column":24}},"type":"if","locations":[{"start":{"line":159,"column":4},"end":{"line":159,"column":24}}]},"7":{"loc":{"start":{"line":180,"column":4},"end":{"line":180,"column":61}},"type":"if","locations":[{"start":{"line":180,"column":4},"end":{"line":180,"column":61}}]},"8":{"loc":{"start":{"line":202,"column":6},"end":{"line":220,"column":7}},"type":"if","locations":[{"start":{"line":202,"column":6},"end":{"line":220,"column":7}}]},"9":{"loc":{"start":{"line":206,"column":8},"end":{"line":206,"column":50}},"type":"if","locations":[{"start":{"line":206,"column":8},"end":{"line":206,"column":50}}]},"10":{"loc":{"start":{"line":208,"column":10},"end":{"line":212,"column":31}},"type":"cond-expr","locations":[{"start":{"line":209,"column":14},"end":{"line":209,"column":30}},{"start":{"line":210,"column":14},"end":{"line":212,"column":31}}]},"11":{"loc":{"start":{"line":210,"column":14},"end":{"line":212,"column":31}},"type":"cond-expr","locations":[{"start":{"line":211,"column":16},"end":{"line":211,"column":31}},{"start":{"line":212,"column":16},"end":{"line":212,"column":31}}]},"12":{"loc":{"start":{"line":229,"column":6},"end":{"line":232,"column":7}},"type":"if","locations":[{"start":{"line":229,"column":6},"end":{"line":232,"column":7}}]},"13":{"loc":{"start":{"line":237,"column":6},"end":{"line":240,"column":7}},"type":"if","locations":[{"start":{"line":237,"column":6},"end":{"line":240,"column":7}}]},"14":{"loc":{"start":{"line":244,"column":26},"end":{"line":244,"column":58}},"type":"binary-expr","locations":[{"start":{"line":244,"column":26},"end":{"line":244,"column":51}},{"start":{"line":244,"column":55},"end":{"line":244,"column":58}}]},"15":{"loc":{"start":{"line":252,"column":6},"end":{"line":259,"column":7}},"type":"if","locations":[{"start":{"line":252,"column":6},"end":{"line":259,"column":7}},{"start":{"line":256,"column":13},"end":{"line":259,"column":7}}]},"16":{"loc":{"start":{"line":252,"column":10},"end":{"line":252,"column":41}},"type":"binary-expr","locations":[{"start":{"line":252,"column":10},"end":{"line":252,"column":29}},{"start":{"line":252,"column":33},"end":{"line":252,"column":41}}]},"17":{"loc":{"start":{"line":256,"column":13},"end":{"line":259,"column":7}},"type":"if","locations":[{"start":{"line":256,"column":13},"end":{"line":259,"column":7}}]},"18":{"loc":{"start":{"line":265,"column":6},"end":{"line":269,"column":7}},"type":"if","locations":[{"start":{"line":265,"column":6},"end":{"line":269,"column":7}}]},"19":{"loc":{"start":{"line":267,"column":30},"end":{"line":267,"column":46}},"type":"binary-expr","locations":[{"start":{"line":267,"column":30},"end":{"line":267,"column":41}},{"start":{"line":267,"column":45},"end":{"line":267,"column":46}}]},"20":{"loc":{"start":{"line":277,"column":6},"end":{"line":295,"column":7}},"type":"if","locations":[{"start":{"line":277,"column":6},"end":{"line":295,"column":7}}]},"21":{"loc":{"start":{"line":279,"column":8},"end":{"line":293,"column":9}},"type":"if","locations":[{"start":{"line":279,"column":8},"end":{"line":293,"column":9}},{"start":{"line":282,"column":15},"end":{"line":293,"column":9}}]},"22":{"loc":{"start":{"line":282,"column":15},"end":{"line":293,"column":9}},"type":"if","locations":[{"start":{"line":282,"column":15},"end":{"line":293,"column":9}},{"start":{"line":284,"column":15},"end":{"line":293,"column":9}}]},"23":{"loc":{"start":{"line":284,"column":15},"end":{"line":293,"column":9}},"type":"if","locations":[{"start":{"line":284,"column":15},"end":{"line":293,"column":9}},{"start":{"line":291,"column":15},"end":{"line":293,"column":9}}]},"24":{"loc":{"start":{"line":286,"column":12},"end":{"line":290,"column":26}},"type":"cond-expr","locations":[{"start":{"line":287,"column":16},"end":{"line":287,"column":24}},{"start":{"line":288,"column":16},"end":{"line":290,"column":26}}]},"25":{"loc":{"start":{"line":288,"column":16},"end":{"line":290,"column":26}},"type":"cond-expr","locations":[{"start":{"line":289,"column":18},"end":{"line":289,"column":26}},{"start":{"line":290,"column":18},"end":{"line":290,"column":26}}]},"26":{"loc":{"start":{"line":291,"column":15},"end":{"line":293,"column":9}},"type":"if","locations":[{"start":{"line":291,"column":15},"end":{"line":293,"column":9}}]},"27":{"loc":{"start":{"line":304,"column":6},"end":{"line":314,"column":7}},"type":"if","locations":[{"start":{"line":304,"column":6},"end":{"line":314,"column":7}}]},"28":{"loc":{"start":{"line":305,"column":8},"end":{"line":313,"column":9}},"type":"if","locations":[{"start":{"line":305,"column":8},"end":{"line":313,"column":9}},{"start":{"line":309,"column":15},"end":{"line":313,"column":9}}]},"29":{"loc":{"start":{"line":318,"column":4},"end":{"line":321,"column":5}},"type":"if","locations":[{"start":{"line":318,"column":4},"end":{"line":321,"column":5}}]},"30":{"loc":{"start":{"line":366,"column":6},"end":{"line":366,"column":73}},"type":"if","locations":[{"start":{"line":366,"column":6},"end":{"line":366,"column":73}}]},"31":{"loc":{"start":{"line":366,"column":10},"end":{"line":366,"column":64}},"type":"binary-expr","locations":[{"start":{"line":366,"column":10},"end":{"line":366,"column":36}},{"start":{"line":366,"column":40},"end":{"line":366,"column":64}}]},"32":{"loc":{"start":{"line":374,"column":6},"end":{"line":377,"column":7}},"type":"if","locations":[{"start":{"line":374,"column":6},"end":{"line":377,"column":7}}]}},"s":{"0":1,"1":1,"2":1,"3":1,"4":1,"5":1,"6":1,"7":1,"8":1,"9":1,"10":1,"11":1,"12":1,"13":1,"14":12,"15":12,"16":12,"17":12,"18":12,"19":12,"20":12,"21":12,"22":17,"23":0,"24":0,"25":0,"26":0,"27":0,"28":0,"29":0,"30":0,"31":11,"32":11,"33":11,"34":11,"35":11,"36":11,"37":11,"38":11,"39":11,"40":11,"41":11,"42":12,"43":12,"44":0,"45":0,"46":0,"47":0,"48":0,"49":0,"50":0,"51":0,"52":0,"53":0,"54":0,"55":0,"56":0,"57":0,"58":0,"59":0,"60":0,"61":0,"62":0,"63":0,"64":0,"65":0,"66":0,"67":0,"68":0,"69":0,"70":0,"71":0,"72":0,"73":0,"74":0,"75":0,"76":0,"77":0,"78":0,"79":0,"80":0,"81":0,"82":0,"83":0,"84":0,"85":0,"86":0,"87":0,"88":0,"89":0,"90":0,"91":0,"92":0,"93":0,"94":0,"95":0,"96":0,"97":0,"98":0,"99":0,"100":0,"101":0,"102":0,"103":0,"104":0,"105":0,"106":0,"107":0,"108":0,"109":0,"110":0,"111":0,"112":0,"113":0,"114":0,"115":0,"116":0,"117":0,"118":0,"119":0,"120":0,"121":0,"122":0,"123":0,"124":0,"125":0,"126":0,"127":0,"128":0,"129":0,"130":0,"131":0,"132":0,"133":0,"134":0,"135":0,"136":0,"137":0,"138":0,"139":0,"140":0,"141":0,"142":0,"143":0,"144":0,"145":0,"146":0,"147":0,"148":0,"149":0,"150":0,"151":0,"152":0,"153":0,"154":0,"155":0,"156":0,"157":0,"158":0,"159":0,"160":0,"161":0,"162":0,"163":0,"164":0,"165":0,"166":0,"167":0,"168":0,"169":0,"170":0,"171":0,"172":0,"173":3,"174":3,"175":3,"176":12,"177":19,"178":1,"179":1,"180":1,"181":1,"182":4,"183":1,"184":3,"185":3,"186":3,"187":3,"188":3,"189":3,"190":3,"191":3,"192":3,"193":3,"194":3,"195":12,"196":12},"f":{"0":12,"1":17,"2":0,"3":11,"4":0,"5":0,"6":0,"7":0,"8":0,"9":0,"10":0,"11":0,"12":0,"13":0,"14":0,"15":3,"16":19,"17":1,"18":0,"19":4,"20":12},"b":{"0":[0],"1":[0],"2":[0,0],"3":[0,0],"4":[0,0],"5":[0,0],"6":[0],"7":[0],"8":[0],"9":[0],"10":[0,0],"11":[0,0],"12":[0],"13":[0],"14":[0,0],"15":[0,0],"16":[0,0],"17":[0],"18":[0],"19":[0,0],"20":[0],"21":[0,0],"22":[0,0],"23":[0,0],"24":[0,0],"25":[0,0],"26":[0],"27":[0],"28":[0,0],"29":[0],"30":[1],"31":[4,3],"32":[3]}}
,"/Users/jarvis/Documents/gitHub/reflex-rush/src/engine/index.ts": {"path":"/Users/jarvis/Documents/gitHub/reflex-rush/src/engine/index.ts","statementMap":{"0":{"start":{"line":1,"column":0},"end":{"line":1,"column":27}},"1":{"start":{"line":2,"column":0},"end":{"line":2,"column":34}},"2":{"start":{"line":3,"column":0},"end":{"line":3,"column":29}}},"fnMap":{},"branchMap":{},"s":{"0":0,"1":0,"2":0},"f":{},"b":{}}
,"/Users/jarvis/Documents/gitHub/reflex-rush/src/entities/Coin.ts": {"path":"/Users/jarvis/Documents/gitHub/reflex-rush/src/entities/Coin.ts","statementMap":{"0":{"start":{"line":11,"column":0},"end":{"line":11,"column":16}},"1":{"start":{"line":6,"column":0},"end":{"line":6,"column":43}},"2":{"start":{"line":7,"column":0},"end":{"line":7,"column":53}},"3":{"start":{"line":9,"column":18},"end":{"line":9,"column":22}},"4":{"start":{"line":18,"column":12},"end":{"line":18,"column":33}},"5":{"start":{"line":19,"column":2},"end":{"line":22,"column":5}}},"fnMap":{"0":{"name":"createCoin","decl":{"start":{"line":11,"column":16},"end":{"line":11,"column":26}},"loc":{"start":{"line":16,"column":15},"end":{"line":23,"column":1}}}},"branchMap":{},"s":{"0":3,"1":3,"2":3,"3":3,"4":11,"5":11},"f":{"0":11},"b":{}}
,"/Users/jarvis/Documents/gitHub/reflex-rush/src/entities/Destructible.ts": {"path":"/Users/jarvis/Documents/gitHub/reflex-rush/src/entities/Destructible.ts","statementMap":{"0":{"start":{"line":13,"column":0},"end":{"line":13,"column":16}},"1":{"start":{"line":29,"column":0},"end":{"line":29,"column":16}},"2":{"start":{"line":45,"column":0},"end":{"line":45,"column":16}},"3":{"start":{"line":62,"column":0},"end":{"line":62,"column":16}},"4":{"start":{"line":7,"column":0},"end":{"line":7,"column":43}},"5":{"start":{"line":8,"column":0},"end":{"line":8,"column":53}},"6":{"start":{"line":10,"column":21},"end":{"line":10,"column":24}},"7":{"start":{"line":11,"column":21},"end":{"line":11,"column":25}},"8":{"start":{"line":19,"column":12},"end":{"line":19,"column":66}},"9":{"start":{"line":20,"column":12},"end":{"line":20,"column":37}},"10":{"start":{"line":21,"column":2},"end":{"line":26,"column":5}},"11":{"start":{"line":35,"column":12},"end":{"line":35,"column":42}},"12":{"start":{"line":36,"column":12},"end":{"line":36,"column":43}},"13":{"start":{"line":37,"column":2},"end":{"line":42,"column":5}},"14":{"start":{"line":51,"column":12},"end":{"line":51,"column":36}},"15":{"start":{"line":52,"column":12},"end":{"line":52,"column":43}},"16":{"start":{"line":53,"column":2},"end":{"line":59,"column":5}},"17":{"start":{"line":63,"column":2},"end":{"line":63,"column":104}}},"fnMap":{"0":{"name":"createMeteor","decl":{"start":{"line":13,"column":16},"end":{"line":13,"column":28}},"loc":{"start":{"line":17,"column":16},"end":{"line":27,"column":1}}},"1":{"name":"createBlock","decl":{"start":{"line":29,"column":16},"end":{"line":29,"column":27}},"loc":{"start":{"line":33,"column":16},"end":{"line":43,"column":1}}},"2":{"name":"createEnemyShip","decl":{"start":{"line":45,"column":16},"end":{"line":45,"column":31}},"loc":{"start":{"line":49,"column":16},"end":{"line":60,"column":1}}},"3":{"name":"isDestructible","decl":{"start":{"line":62,"column":16},"end":{"line":62,"column":30}},"loc":{"start":{"line":62,"column":40},"end":{"line":64,"column":1}}}},"branchMap":{"0":{"loc":{"start":{"line":63,"column":9},"end":{"line":63,"column":103}},"type":"binary-expr","locations":[{"start":{"line":63,"column":9},"end":{"line":63,"column":37}},{"start":{"line":63,"column":41},"end":{"line":63,"column":68}},{"start":{"line":63,"column":72},"end":{"line":63,"column":103}}]}},"s":{"0":5,"1":5,"2":5,"3":5,"4":5,"5":5,"6":5,"7":5,"8":16,"9":16,"10":16,"11":5,"12":5,"13":5,"14":3,"15":3,"16":3,"17":7},"f":{"0":16,"1":5,"2":3,"3":7},"b":{"0":[7,3,2]}}
,"/Users/jarvis/Documents/gitHub/reflex-rush/src/entities/Entity.ts": {"path":"/Users/jarvis/Documents/gitHub/reflex-rush/src/entities/Entity.ts","statementMap":{"0":{"start":{"line":50,"column":0},"end":{"line":50,"column":16}},"1":{"start":{"line":54,"column":0},"end":{"line":54,"column":16}},"2":{"start":{"line":49,"column":13},"end":{"line":49,"column":14}},"3":{"start":{"line":51,"column":2},"end":{"line":51,"column":25}},"4":{"start":{"line":63,"column":2},"end":{"line":68,"column":4}}},"fnMap":{"0":{"name":"nextEntityId","decl":{"start":{"line":50,"column":16},"end":{"line":50,"column":28}},"loc":{"start":{"line":50,"column":28},"end":{"line":52,"column":1}}},"1":{"name":"createEntity","decl":{"start":{"line":54,"column":16},"end":{"line":54,"column":28}},"loc":{"start":{"line":61,"column":9},"end":{"line":69,"column":1}}}},"branchMap":{"0":{"loc":{"start":{"line":57,"column":2},"end":{"line":61,"column":9}},"type":"default-arg","locations":[{"start":{"line":61,"column":7},"end":{"line":61,"column":9}}]}},"s":{"0":12,"1":12,"2":12,"3":1436,"4":1436},"f":{"0":1436,"1":1436},"b":{"0":[3]}}
,"/Users/jarvis/Documents/gitHub/reflex-rush/src/entities/Player.ts": {"path":"/Users/jarvis/Documents/gitHub/reflex-rush/src/entities/Player.ts","statementMap":{"0":{"start":{"line":13,"column":0},"end":{"line":13,"column":16}},"1":{"start":{"line":22,"column":0},"end":{"line":22,"column":16}},"2":{"start":{"line":27,"column":0},"end":{"line":27,"column":16}},"3":{"start":{"line":32,"column":0},"end":{"line":32,"column":16}},"4":{"start":{"line":6,"column":0},"end":{"line":6,"column":43}},"5":{"start":{"line":7,"column":0},"end":{"line":7,"column":53}},"6":{"start":{"line":8,"column":0},"end":{"line":8,"column":72}},"7":{"start":{"line":10,"column":13},"end":{"line":10,"column":38}},"8":{"start":{"line":11,"column":13},"end":{"line":11,"column":40}},"9":{"start":{"line":14,"column":12},"end":{"line":14,"column":42}},"10":{"start":{"line":15,"column":12},"end":{"line":15,"column":44}},"11":{"start":{"line":16,"column":15},"end":{"line":16,"column":16}},"12":{"start":{"line":17,"column":12},"end":{"line":17,"column":44}},"13":{"start":{"line":18,"column":12},"end":{"line":18,"column":37}},"14":{"start":{"line":19,"column":2},"end":{"line":19,"column":82}},"15":{"start":{"line":23,"column":12},"end":{"line":23,"column":43}},"16":{"start":{"line":24,"column":2},"end":{"line":24,"column":23}},"17":{"start":{"line":28,"column":12},"end":{"line":28,"column":25}},"18":{"start":{"line":29,"column":2},"end":{"line":29,"column":88}},"19":{"start":{"line":37,"column":18},"end":{"line":37,"column":67}},"20":{"start":{"line":38,"column":2},"end":{"line":38,"column":35}}},"fnMap":{"0":{"name":"createPlayer","decl":{"start":{"line":13,"column":16},"end":{"line":13,"column":28}},"loc":{"start":{"line":13,"column":66},"end":{"line":20,"column":1}}},"1":{"name":"laneToX","decl":{"start":{"line":22,"column":16},"end":{"line":22,"column":23}},"loc":{"start":{"line":22,"column":55},"end":{"line":25,"column":1}}},"2":{"name":"xToLane","decl":{"start":{"line":27,"column":16},"end":{"line":27,"column":23}},"loc":{"start":{"line":27,"column":52},"end":{"line":30,"column":1}}},"3":{"name":"movePlayerToLane","decl":{"start":{"line":32,"column":16},"end":{"line":32,"column":32}},"loc":{"start":{"line":35,"column":19},"end":{"line":39,"column":1}}}},"branchMap":{},"s":{"0":0,"1":0,"2":0,"3":0,"4":0,"5":0,"6":0,"7":0,"8":0,"9":0,"10":0,"11":0,"12":0,"13":0,"14":0,"15":0,"16":0,"17":0,"18":0,"19":0,"20":0},"f":{"0":0,"1":0,"2":0,"3":0},"b":{}}
,"/Users/jarvis/Documents/gitHub/reflex-rush/src/entities/PlayerShip.ts": {"path":"/Users/jarvis/Documents/gitHub/reflex-rush/src/entities/PlayerShip.ts","statementMap":{"0":{"start":{"line":11,"column":0},"end":{"line":11,"column":16}},"1":{"start":{"line":28,"column":0},"end":{"line":28,"column":16}},"2":{"start":{"line":49,"column":0},"end":{"line":49,"column":16}},"3":{"start":{"line":6,"column":0},"end":{"line":6,"column":43}},"4":{"start":{"line":8,"column":0},"end":{"line":8,"column":53}},"5":{"start":{"line":9,"column":0},"end":{"line":9,"column":72}},"6":{"start":{"line":16,"column":12},"end":{"line":16,"column":40}},"7":{"start":{"line":17,"column":12},"end":{"line":17,"column":42}},"8":{"start":{"line":18,"column":12},"end":{"line":18,"column":33}},"9":{"start":{"line":19,"column":12},"end":{"line":19,"column":37}},"10":{"start":{"line":20,"column":2},"end":{"line":25,"column":5}},"11":{"start":{"line":34,"column":12},"end":{"line":34,"column":40}},"12":{"start":{"line":35,"column":12},"end":{"line":35,"column":42}},"13":{"start":{"line":36,"column":18},"end":{"line":36,"column":35}},"14":{"start":{"line":37,"column":19},"end":{"line":37,"column":35}},"15":{"start":{"line":38,"column":14},"end":{"line":38,"column":24}},"16":{"start":{"line":39,"column":13},"end":{"line":39,"column":35}},"17":{"start":{"line":40,"column":12},"end":{"line":40,"column":64}},"18":{"start":{"line":41,"column":12},"end":{"line":41,"column":58}},"19":{"start":{"line":42,"column":2},"end":{"line":46,"column":5}},"20":{"start":{"line":54,"column":2},"end":{"line":58,"column":4}}},"fnMap":{"0":{"name":"createPlayerShip","decl":{"start":{"line":11,"column":16},"end":{"line":11,"column":32}},"loc":{"start":{"line":14,"column":67},"end":{"line":26,"column":1}}},"1":{"name":"createDroneShip","decl":{"start":{"line":28,"column":16},"end":{"line":28,"column":31}},"loc":{"start":{"line":32,"column":22},"end":{"line":47,"column":1}}},"2":{"name":"clampShipToBounds","decl":{"start":{"line":49,"column":16},"end":{"line":49,"column":33}},"loc":{"start":{"line":52,"column":20},"end":{"line":59,"column":1}}}},"branchMap":{"0":{"loc":{"start":{"line":14,"column":2},"end":{"line":14,"column":67}},"type":"default-arg","locations":[{"start":{"line":14,"column":65},"end":{"line":14,"column":67}}]},"1":{"loc":{"start":{"line":21,"column":16},"end":{"line":21,"column":36}},"type":"binary-expr","locations":[{"start":{"line":21,"column":16},"end":{"line":21,"column":31}},{"start":{"line":21,"column":35},"end":{"line":21,"column":36}}]},"2":{"loc":{"start":{"line":23,"column":19},"end":{"line":23,"column":49}},"type":"binary-expr","locations":[{"start":{"line":23,"column":19},"end":{"line":23,"column":37}},{"start":{"line":23,"column":41},"end":{"line":23,"column":49}}]}},"s":{"0":6,"1":6,"2":6,"3":6,"4":6,"5":6,"6":26,"7":26,"8":26,"9":26,"10":26,"11":4,"12":4,"13":4,"14":4,"15":4,"16":4,"17":4,"18":4,"19":4,"20":4},"f":{"0":26,"1":4,"2":4},"b":{"0":[14],"1":[26,14],"2":[26,14]}}
,"/Users/jarvis/Documents/gitHub/reflex-rush/src/entities/Powerup.ts": {"path":"/Users/jarvis/Documents/gitHub/reflex-rush/src/entities/Powerup.ts","statementMap":{"0":{"start":{"line":12,"column":0},"end":{"line":12,"column":16}},"1":{"start":{"line":7,"column":0},"end":{"line":7,"column":43}},"2":{"start":{"line":8,"column":0},"end":{"line":8,"column":53}},"3":{"start":{"line":10,"column":13},"end":{"line":10,"column":17}},"4":{"start":{"line":19,"column":12},"end":{"line":19,"column":28}},"5":{"start":{"line":20,"column":2},"end":{"line":23,"column":5}}},"fnMap":{"0":{"name":"createPowerup","decl":{"start":{"line":12,"column":16},"end":{"line":12,"column":29}},"loc":{"start":{"line":17,"column":26},"end":{"line":24,"column":1}}}},"branchMap":{},"s":{"0":3,"1":3,"2":3,"3":3,"4":5,"5":5},"f":{"0":5},"b":{}}
,"/Users/jarvis/Documents/gitHub/reflex-rush/src/entities/Projectile.ts": {"path":"/Users/jarvis/Documents/gitHub/reflex-rush/src/entities/Projectile.ts","statementMap":{"0":{"start":{"line":25,"column":0},"end":{"line":25,"column":16}},"1":{"start":{"line":6,"column":0},"end":{"line":6,"column":43}},"2":{"start":{"line":7,"column":0},"end":{"line":7,"column":53}},"3":{"start":{"line":8,"column":0},"end":{"line":8,"column":84}},"4":{"start":{"line":10,"column":18},"end":{"line":10,"column":20}},"5":{"start":{"line":19,"column":2},"end":{"line":22,"column":5}},"6":{"start":{"line":26,"column":25},"end":{"line":26,"column":27}},"7":{"start":{"line":27,"column":17},"end":{"line":27,"column":42}},"8":{"start":{"line":28,"column":2},"end":{"line":30,"column":3}},"9":{"start":{"line":28,"column":15},"end":{"line":28,"column":16}},"10":{"start":{"line":29,"column":4},"end":{"line":29,"column":27}},"11":{"start":{"line":32,"column":2},"end":{"line":68,"column":4}},"12":{"start":{"line":40,"column":14},"end":{"line":40,"column":24}},"13":{"start":{"line":41,"column":6},"end":{"line":41,"column":26}},"14":{"start":{"line":41,"column":14},"end":{"line":41,"column":26}},"15":{"start":{"line":42,"column":16},"end":{"line":42,"column":50}},"16":{"start":{"line":43,"column":16},"end":{"line":43,"column":52}},"17":{"start":{"line":44,"column":6},"end":{"line":49,"column":8}},"18":{"start":{"line":50,"column":6},"end":{"line":50,"column":35}},"19":{"start":{"line":51,"column":6},"end":{"line":51,"column":26}},"20":{"start":{"line":52,"column":6},"end":{"line":52,"column":24}},"21":{"start":{"line":53,"column":6},"end":{"line":53,"column":26}},"22":{"start":{"line":54,"column":6},"end":{"line":54,"column":15}},"23":{"start":{"line":58,"column":16},"end":{"line":58,"column":30}},"24":{"start":{"line":59,"column":6},"end":{"line":62,"column":7}},"25":{"start":{"line":60,"column":8},"end":{"line":60,"column":26}},"26":{"start":{"line":61,"column":8},"end":{"line":61,"column":21}},"27":{"start":{"line":66,"column":6},"end":{"line":66,"column":41}}},"fnMap":{"0":{"name":"createOne","decl":{"start":{"line":18,"column":9},"end":{"line":18,"column":18}},"loc":{"start":{"line":18,"column":18},"end":{"line":23,"column":1}}},"1":{"name":"createProjectilePool","decl":{"start":{"line":25,"column":16},"end":{"line":25,"column":36}},"loc":{"start":{"line":25,"column":36},"end":{"line":69,"column":1}}},"2":{"name":"(anonymous_2)","decl":{"start":{"line":33,"column":4},"end":{"line":33,"column":11}},"loc":{"start":{"line":38,"column":24},"end":{"line":55,"column":5}}},"3":{"name":"(anonymous_3)","decl":{"start":{"line":57,"column":4},"end":{"line":57,"column":11}},"loc":{"start":{"line":57,"column":22},"end":{"line":63,"column":5}}},"4":{"name":"(anonymous_4)","decl":{"start":{"line":65,"column":4},"end":{"line":65,"column":13}},"loc":{"start":{"line":65,"column":13},"end":{"line":67,"column":5}}}},"branchMap":{"0":{"loc":{"start":{"line":41,"column":6},"end":{"line":41,"column":26}},"type":"if","locations":[{"start":{"line":41,"column":6},"end":{"line":41,"column":26}}]},"1":{"loc":{"start":{"line":59,"column":6},"end":{"line":62,"column":7}},"type":"if","locations":[{"start":{"line":59,"column":6},"end":{"line":62,"column":7}}]}},"s":{"0":3,"1":3,"2":3,"3":3,"4":3,"5":1260,"6":21,"7":21,"8":21,"9":21,"10":1260,"11":21,"12":12,"13":12,"14":0,"15":12,"16":12,"17":12,"18":12,"19":12,"20":12,"21":12,"22":12,"23":4,"24":4,"25":3,"26":3,"27":6},"f":{"0":1260,"1":21,"2":12,"3":4,"4":6},"b":{"0":[0],"1":[3]}}
,"/Users/jarvis/Documents/gitHub/reflex-rush/src/entities/Threat.ts": {"path":"/Users/jarvis/Documents/gitHub/reflex-rush/src/entities/Threat.ts","statementMap":{"0":{"start":{"line":15,"column":0},"end":{"line":15,"column":16}},"1":{"start":{"line":36,"column":0},"end":{"line":36,"column":16}},"2":{"start":{"line":6,"column":0},"end":{"line":6,"column":43}},"3":{"start":{"line":7,"column":0},"end":{"line":7,"column":53}},"4":{"start":{"line":8,"column":0},"end":{"line":8,"column":72}},"5":{"start":{"line":10,"column":13},"end":{"line":10,"column":39}},"6":{"start":{"line":11,"column":13},"end":{"line":11,"column":39}},"7":{"start":{"line":13,"column":24},"end":{"line":13,"column":25}},"8":{"start":{"line":22,"column":12},"end":{"line":22,"column":66}},"9":{"start":{"line":23,"column":20},"end":{"line":23,"column":54}},"10":{"start":{"line":24,"column":12},"end":{"line":24,"column":54}},"11":{"start":{"line":25,"column":12},"end":{"line":25,"column":44}},"12":{"start":{"line":26,"column":12},"end":{"line":26,"column":43}},"13":{"start":{"line":27,"column":12},"end":{"line":27,"column":33}},"14":{"start":{"line":28,"column":12},"end":{"line":28,"column":14}},"15":{"start":{"line":29,"column":2},"end":{"line":33,"column":5}},"16":{"start":{"line":37,"column":2},"end":{"line":37,"column":55}}},"fnMap":{"0":{"name":"createThreat","decl":{"start":{"line":15,"column":16},"end":{"line":15,"column":28}},"loc":{"start":{"line":20,"column":18},"end":{"line":34,"column":1}}},"1":{"name":"pickRandomLane","decl":{"start":{"line":36,"column":16},"end":{"line":36,"column":30}},"loc":{"start":{"line":36,"column":30},"end":{"line":38,"column":1}}}},"branchMap":{"0":{"loc":{"start":{"line":22,"column":12},"end":{"line":22,"column":66}},"type":"binary-expr","locations":[{"start":{"line":22,"column":12},"end":{"line":22,"column":19}},{"start":{"line":22,"column":23},"end":{"line":22,"column":66}}]},"1":{"loc":{"start":{"line":23,"column":20},"end":{"line":23,"column":54}},"type":"cond-expr","locations":[{"start":{"line":23,"column":30},"end":{"line":23,"column":33}},{"start":{"line":23,"column":36},"end":{"line":23,"column":54}}]},"2":{"loc":{"start":{"line":23,"column":36},"end":{"line":23,"column":54}},"type":"cond-expr","locations":[{"start":{"line":23,"column":46},"end":{"line":23,"column":50}},{"start":{"line":23,"column":53},"end":{"line":23,"column":54}}]}},"s":{"0":1,"1":1,"2":1,"3":1,"4":1,"5":1,"6":1,"7":1,"8":103,"9":103,"10":103,"11":103,"12":103,"13":103,"14":103,"15":103,"16":103},"f":{"0":103,"1":103},"b":{"0":[103,103],"1":[33,70],"2":[35,35]}}
,"/Users/jarvis/Documents/gitHub/reflex-rush/src/entities/index.ts": {"path":"/Users/jarvis/Documents/gitHub/reflex-rush/src/entities/index.ts","statementMap":{"0":{"start":{"line":1,"column":0},"end":{"line":1,"column":25}},"1":{"start":{"line":2,"column":0},"end":{"line":2,"column":25}},"2":{"start":{"line":3,"column":0},"end":{"line":3,"column":25}},"3":{"start":{"line":4,"column":0},"end":{"line":4,"column":29}},"4":{"start":{"line":5,"column":0},"end":{"line":5,"column":29}},"5":{"start":{"line":6,"column":0},"end":{"line":6,"column":31}},"6":{"start":{"line":7,"column":0},"end":{"line":7,"column":26}},"7":{"start":{"line":8,"column":0},"end":{"line":8,"column":23}}},"fnMap":{},"branchMap":{},"s":{"0":0,"1":0,"2":0,"3":0,"4":0,"5":0,"6":0,"7":0},"f":{},"b":{}}
,"/Users/jarvis/Documents/gitHub/reflex-rush/src/monetization/AdsHooks.ts": {"path":"/Users/jarvis/Documents/gitHub/reflex-rush/src/monetization/AdsHooks.ts","statementMap":{"0":{"start":{"line":12,"column":0},"end":{"line":12,"column":16}},"1":{"start":{"line":13,"column":2},"end":{"line":28,"column":4}},"2":{"start":{"line":16,"column":6},"end":{"line":16,"column":31}},"3":{"start":{"line":16,"column":19},"end":{"line":16,"column":31}},"4":{"start":{"line":17,"column":6},"end":{"line":17,"column":19}},"5":{"start":{"line":23,"column":6},"end":{"line":23,"column":21}},"6":{"start":{"line":26,"column":6},"end":{"line":26,"column":19}}},"fnMap":{"0":{"name":"createAdsHooks","decl":{"start":{"line":12,"column":16},"end":{"line":12,"column":30}},"loc":{"start":{"line":12,"column":30},"end":{"line":29,"column":1}}},"1":{"name":"(anonymous_1)","decl":{"start":{"line":14,"column":4},"end":{"line":14,"column":9}},"loc":{"start":{"line":14,"column":22},"end":{"line":18,"column":5}}},"2":{"name":"(anonymous_2)","decl":{"start":{"line":19,"column":4},"end":{"line":19,"column":9}},"loc":{"start":{"line":19,"column":26},"end":{"line":21,"column":5}}},"3":{"name":"(anonymous_3)","decl":{"start":{"line":22,"column":4},"end":{"line":22,"column":19}},"loc":{"start":{"line":22,"column":19},"end":{"line":24,"column":5}}},"4":{"name":"(anonymous_4)","decl":{"start":{"line":25,"column":4},"end":{"line":25,"column":23}},"loc":{"start":{"line":25,"column":23},"end":{"line":27,"column":5}}}},"branchMap":{"0":{"loc":{"start":{"line":16,"column":6},"end":{"line":16,"column":31}},"type":"if","locations":[{"start":{"line":16,"column":6},"end":{"line":16,"column":31}}]}},"s":{"0":0,"1":0,"2":0,"3":0,"4":0,"5":0,"6":0},"f":{"0":0,"1":0,"2":0,"3":0,"4":0},"b":{"0":[0]}}
,"/Users/jarvis/Documents/gitHub/reflex-rush/src/monetization/IAPHooks.ts": {"path":"/Users/jarvis/Documents/gitHub/reflex-rush/src/monetization/IAPHooks.ts","statementMap":{"0":{"start":{"line":20,"column":0},"end":{"line":20,"column":16}},"1":{"start":{"line":21,"column":20},"end":{"line":21,"column":40}},"2":{"start":{"line":23,"column":2},"end":{"line":38,"column":4}},"3":{"start":{"line":25,"column":6},"end":{"line":25,"column":16}},"4":{"start":{"line":28,"column":6},"end":{"line":31,"column":7}},"5":{"start":{"line":29,"column":8},"end":{"line":29,"column":33}},"6":{"start":{"line":30,"column":8},"end":{"line":30,"column":20}},"7":{"start":{"line":32,"column":6},"end":{"line":32,"column":19}},"8":{"start":{"line":36,"column":6},"end":{"line":36,"column":38}}},"fnMap":{"0":{"name":"createIAPHooks","decl":{"start":{"line":20,"column":16},"end":{"line":20,"column":30}},"loc":{"start":{"line":20,"column":30},"end":{"line":39,"column":1}}},"1":{"name":"(anonymous_1)","decl":{"start":{"line":24,"column":4},"end":{"line":24,"column":9}},"loc":{"start":{"line":24,"column":21},"end":{"line":26,"column":5}}},"2":{"name":"(anonymous_2)","decl":{"start":{"line":27,"column":4},"end":{"line":27,"column":9}},"loc":{"start":{"line":27,"column":39},"end":{"line":33,"column":5}}},"3":{"name":"(anonymous_3)","decl":{"start":{"line":34,"column":4},"end":{"line":34,"column":9}},"loc":{"start":{"line":34,"column":17},"end":{"line":34,"column":22}}},"4":{"name":"(anonymous_4)","decl":{"start":{"line":35,"column":4},"end":{"line":35,"column":16}},"loc":{"start":{"line":35,"column":37},"end":{"line":37,"column":5}}}},"branchMap":{"0":{"loc":{"start":{"line":28,"column":6},"end":{"line":31,"column":7}},"type":"if","locations":[{"start":{"line":28,"column":6},"end":{"line":31,"column":7}}]}},"s":{"0":0,"1":0,"2":0,"3":0,"4":0,"5":0,"6":0,"7":0,"8":0},"f":{"0":0,"1":0,"2":0,"3":0,"4":0},"b":{"0":[0]}}
,"/Users/jarvis/Documents/gitHub/reflex-rush/src/monetization/index.ts": {"path":"/Users/jarvis/Documents/gitHub/reflex-rush/src/monetization/index.ts","statementMap":{"0":{"start":{"line":1,"column":0},"end":{"line":1,"column":27}},"1":{"start":{"line":2,"column":0},"end":{"line":2,"column":27}}},"fnMap":{},"branchMap":{},"s":{"0":0,"1":0},"f":{},"b":{}}
,"/Users/jarvis/Documents/gitHub/reflex-rush/src/services/BackendAdapter.ts": {"path":"/Users/jarvis/Documents/gitHub/reflex-rush/src/services/BackendAdapter.ts","statementMap":{"0":{"start":{"line":18,"column":13},"end":{"line":26,"column":2}},"1":{"start":{"line":20,"column":4},"end":{"line":20,"column":14}},"2":{"start":{"line":24,"column":4},"end":{"line":24,"column":14}}},"fnMap":{"0":{"name":"(anonymous_0)","decl":{"start":{"line":19,"column":2},"end":{"line":19,"column":7}},"loc":{"start":{"line":19,"column":22},"end":{"line":21,"column":3}}},"1":{"name":"(anonymous_1)","decl":{"start":{"line":22,"column":2},"end":{"line":22,"column":7}},"loc":{"start":{"line":22,"column":19},"end":{"line":22,"column":24}}},"2":{"name":"(anonymous_2)","decl":{"start":{"line":23,"column":2},"end":{"line":23,"column":7}},"loc":{"start":{"line":23,"column":23},"end":{"line":25,"column":3}}}},"branchMap":{},"s":{"0":0,"1":0,"2":0},"f":{"0":0,"1":0,"2":0},"b":{}}
,"/Users/jarvis/Documents/gitHub/reflex-rush/src/services/DailyRewardService.ts": {"path":"/Users/jarvis/Documents/gitHub/reflex-rush/src/services/DailyRewardService.ts","statementMap":{"0":{"start":{"line":20,"column":0},"end":{"line":20,"column":16}},"1":{"start":{"line":5,"column":21},"end":{"line":8,"column":2}},"2":{"start":{"line":10,"column":21},"end":{"line":10,"column":50}},"3":{"start":{"line":21,"column":37},"end":{"line":21,"column":41}},"4":{"start":{"line":22,"column":15},"end":{"line":22,"column":16}},"5":{"start":{"line":25,"column":14},"end":{"line":25,"column":24}},"6":{"start":{"line":26,"column":4},"end":{"line":26,"column":63}},"7":{"start":{"line":30,"column":4},"end":{"line":34,"column":14}},"8":{"start":{"line":31,"column":40},"end":{"line":31,"column":97}},"9":{"start":{"line":32,"column":6},"end":{"line":32,"column":95}},"10":{"start":{"line":32,"column":25},"end":{"line":32,"column":95}},"11":{"start":{"line":33,"column":6},"end":{"line":33,"column":70}},"12":{"start":{"line":37,"column":2},"end":{"line":68,"column":4}},"13":{"start":{"line":38,"column":21},"end":{"line":38,"column":27}},"14":{"start":{"line":39,"column":28},"end":{"line":39,"column":41}},"15":{"start":{"line":41,"column":6},"end":{"line":41,"column":42}},"16":{"start":{"line":44,"column":20},"end":{"line":44,"column":30}},"17":{"start":{"line":45,"column":6},"end":{"line":45,"column":47}},"18":{"start":{"line":45,"column":35},"end":{"line":45,"column":47}},"19":{"start":{"line":46,"column":24},"end":{"line":46,"column":34}},"20":{"start":{"line":47,"column":6},"end":{"line":47,"column":49}},"21":{"start":{"line":48,"column":27},"end":{"line":48,"column":102}},"22":{"start":{"line":49,"column":6},"end":{"line":50,"column":51}},"23":{"start":{"line":49,"column":42},"end":{"line":49,"column":54}},"24":{"start":{"line":50,"column":11},"end":{"line":50,"column":51}},"25":{"start":{"line":50,"column":40},"end":{"line":50,"column":51}},"26":{"start":{"line":51,"column":6},"end":{"line":51,"column":28}},"27":{"start":{"line":52,"column":23},"end":{"line":52,"column":46}},"28":{"start":{"line":53,"column":20},"end":{"line":53,"column":61}},"29":{"start":{"line":54,"column":6},"end":{"line":54,"column":13}},"30":{"start":{"line":55,"column":6},"end":{"line":55,"column":33}},"31":{"start":{"line":58,"column":6},"end":{"line":66,"column":7}},"32":{"start":{"line":59,"column":42},"end":{"line":59,"column":99}},"33":{"start":{"line":60,"column":8},"end":{"line":60,"column":79}},"34":{"start":{"line":61,"column":18},"end":{"line":61,"column":65}},"35":{"start":{"line":62,"column":8},"end":{"line":62,"column":53}},"36":{"start":{"line":62,"column":23},"end":{"line":62,"column":53}},"37":{"start":{"line":64,"column":8},"end":{"line":64,"column":29}},"38":{"start":{"line":65,"column":8},"end":{"line":65,"column":19}}},"fnMap":{"0":{"name":"createDailyRewardService","decl":{"start":{"line":20,"column":16},"end":{"line":20,"column":40}},"loc":{"start":{"line":20,"column":40},"end":{"line":69,"column":1}}},"1":{"name":"todayKey","decl":{"start":{"line":24,"column":11},"end":{"line":24,"column":19}},"loc":{"start":{"line":24,"column":19},"end":{"line":27,"column":3}}},"2":{"name":"save","decl":{"start":{"line":29,"column":17},"end":{"line":29,"column":21}},"loc":{"start":{"line":29,"column":21},"end":{"line":35,"column":3}}},"3":{"name":"(anonymous_12)","decl":{"start":{"line":31,"column":40},"end":{"line":31,"column":53}},"loc":{"start":{"line":31,"column":40},"end":{"line":31,"column":97}}},"4":{"name":"(anonymous_13)","decl":{"start":{"line":38,"column":15},"end":{"line":38,"column":18}},"loc":{"start":{"line":38,"column":21},"end":{"line":38,"column":27}}},"5":{"name":"(anonymous_14)","decl":{"start":{"line":39,"column":22},"end":{"line":39,"column":25}},"loc":{"start":{"line":39,"column":28},"end":{"line":39,"column":41}}},"6":{"name":"(anonymous_15)","decl":{"start":{"line":40,"column":4},"end":{"line":40,"column":17}},"loc":{"start":{"line":40,"column":17},"end":{"line":42,"column":5}}},"7":{"name":"(anonymous_16)","decl":{"start":{"line":43,"column":4},"end":{"line":43,"column":9}},"loc":{"start":{"line":43,"column":9},"end":{"line":56,"column":5}}},"8":{"name":"(anonymous_17)","decl":{"start":{"line":57,"column":4},"end":{"line":57,"column":9}},"loc":{"start":{"line":57,"column":14},"end":{"line":67,"column":5}}},"9":{"name":"(anonymous_18)","decl":{"start":{"line":59,"column":42},"end":{"line":59,"column":55}},"loc":{"start":{"line":59,"column":42},"end":{"line":59,"column":99}}}},"branchMap":{"0":{"loc":{"start":{"line":32,"column":6},"end":{"line":32,"column":95}},"type":"if","locations":[{"start":{"line":32,"column":6},"end":{"line":32,"column":95}}]},"1":{"loc":{"start":{"line":45,"column":6},"end":{"line":45,"column":47}},"type":"if","locations":[{"start":{"line":45,"column":6},"end":{"line":45,"column":47}}]},"2":{"loc":{"start":{"line":49,"column":6},"end":{"line":50,"column":51}},"type":"if","locations":[{"start":{"line":49,"column":6},"end":{"line":50,"column":51}},{"start":{"line":50,"column":11},"end":{"line":50,"column":51}}]},"3":{"loc":{"start":{"line":50,"column":11},"end":{"line":50,"column":51}},"type":"if","locations":[{"start":{"line":50,"column":11},"end":{"line":50,"column":51}}]},"4":{"loc":{"start":{"line":53,"column":20},"end":{"line":53,"column":61}},"type":"binary-expr","locations":[{"start":{"line":53,"column":20},"end":{"line":53,"column":42}},{"start":{"line":53,"column":46},"end":{"line":53,"column":61}}]},"5":{"loc":{"start":{"line":62,"column":8},"end":{"line":62,"column":53}},"type":"if","locations":[{"start":{"line":62,"column":8},"end":{"line":62,"column":53}}]},"6":{"loc":{"start":{"line":62,"column":32},"end":{"line":62,"column":52}},"type":"binary-expr","locations":[{"start":{"line":62,"column":32},"end":{"line":62,"column":47}},{"start":{"line":62,"column":51},"end":{"line":62,"column":52}}]}},"s":{"0":1,"1":1,"2":1,"3":5,"4":5,"5":6,"6":6,"7":3,"8":6,"9":3,"10":3,"11":0,"12":5,"13":1,"14":0,"15":2,"16":4,"17":4,"18":1,"19":3,"20":3,"21":3,"22":3,"23":0,"24":3,"25":3,"26":3,"27":3,"28":3,"29":3,"30":3,"31":0,"32":0,"33":0,"34":0,"35":0,"36":0,"37":0,"38":0},"f":{"0":5,"1":6,"2":3,"3":3,"4":1,"5":0,"6":2,"7":4,"8":0,"9":0},"b":{"0":[3],"1":[1],"2":[0,3],"3":[3],"4":[3,0],"5":[0],"6":[0,0]}}
,"/Users/jarvis/Documents/gitHub/reflex-rush/src/services/EconomyService.ts": {"path":"/Users/jarvis/Documents/gitHub/reflex-rush/src/services/EconomyService.ts","statementMap":{"0":{"start":{"line":15,"column":0},"end":{"line":15,"column":16}},"1":{"start":{"line":13,"column":20},"end":{"line":13,"column":39}},"2":{"start":{"line":16,"column":14},"end":{"line":16,"column":15}},"3":{"start":{"line":18,"column":2},"end":{"line":45,"column":4}},"4":{"start":{"line":19,"column":20},"end":{"line":19,"column":25}},"5":{"start":{"line":21,"column":6},"end":{"line":21,"column":42}},"6":{"start":{"line":24,"column":6},"end":{"line":24,"column":39}},"7":{"start":{"line":24,"column":26},"end":{"line":24,"column":39}},"8":{"start":{"line":25,"column":6},"end":{"line":25,"column":22}},"9":{"start":{"line":26,"column":6},"end":{"line":26,"column":18}},"10":{"start":{"line":29,"column":6},"end":{"line":35,"column":7}},"11":{"start":{"line":30,"column":42},"end":{"line":30,"column":99}},"12":{"start":{"line":31,"column":20},"end":{"line":31,"column":59}},"13":{"start":{"line":32,"column":8},"end":{"line":32,"column":56}},"14":{"start":{"line":32,"column":25},"end":{"line":32,"column":56}},"15":{"start":{"line":34,"column":8},"end":{"line":34,"column":18}},"16":{"start":{"line":38,"column":6},"end":{"line":43,"column":7}},"17":{"start":{"line":39,"column":42},"end":{"line":39,"column":99}},"18":{"start":{"line":40,"column":8},"end":{"line":40,"column":63}}},"fnMap":{"0":{"name":"createEconomyService","decl":{"start":{"line":15,"column":16},"end":{"line":15,"column":36}},"loc":{"start":{"line":15,"column":36},"end":{"line":46,"column":1}}},"1":{"name":"(anonymous_10)","decl":{"start":{"line":19,"column":14},"end":{"line":19,"column":17}},"loc":{"start":{"line":19,"column":20},"end":{"line":19,"column":25}}},"2":{"name":"(anonymous_11)","decl":{"start":{"line":20,"column":4},"end":{"line":20,"column":12}},"loc":{"start":{"line":20,"column":27},"end":{"line":22,"column":5}}},"3":{"name":"(anonymous_12)","decl":{"start":{"line":23,"column":4},"end":{"line":23,"column":14}},"loc":{"start":{"line":23,"column":29},"end":{"line":27,"column":5}}},"4":{"name":"(anonymous_13)","decl":{"start":{"line":28,"column":4},"end":{"line":28,"column":9}},"loc":{"start":{"line":28,"column":14},"end":{"line":36,"column":5}}},"5":{"name":"(anonymous_14)","decl":{"start":{"line":30,"column":42},"end":{"line":30,"column":55}},"loc":{"start":{"line":30,"column":42},"end":{"line":30,"column":99}}},"6":{"name":"(anonymous_15)","decl":{"start":{"line":37,"column":4},"end":{"line":37,"column":9}},"loc":{"start":{"line":37,"column":14},"end":{"line":44,"column":5}}},"7":{"name":"(anonymous_16)","decl":{"start":{"line":39,"column":42},"end":{"line":39,"column":55}},"loc":{"start":{"line":39,"column":42},"end":{"line":39,"column":99}}}},"branchMap":{"0":{"loc":{"start":{"line":24,"column":6},"end":{"line":24,"column":39}},"type":"if","locations":[{"start":{"line":24,"column":6},"end":{"line":24,"column":39}}]},"1":{"loc":{"start":{"line":32,"column":8},"end":{"line":32,"column":56}},"type":"if","locations":[{"start":{"line":32,"column":8},"end":{"line":32,"column":56}}]},"2":{"loc":{"start":{"line":32,"column":33},"end":{"line":32,"column":55}},"type":"binary-expr","locations":[{"start":{"line":32,"column":33},"end":{"line":32,"column":50}},{"start":{"line":32,"column":54},"end":{"line":32,"column":55}}]}},"s":{"0":0,"1":0,"2":0,"3":0,"4":0,"5":0,"6":0,"7":0,"8":0,"9":0,"10":0,"11":0,"12":0,"13":0,"14":0,"15":0,"16":0,"17":0,"18":0},"f":{"0":0,"1":0,"2":0,"3":0,"4":0,"5":0,"6":0,"7":0},"b":{"0":[0],"1":[0],"2":[0,0]}}
,"/Users/jarvis/Documents/gitHub/reflex-rush/src/services/EventService.ts": {"path":"/Users/jarvis/Documents/gitHub/reflex-rush/src/services/EventService.ts","statementMap":{"0":{"start":{"line":21,"column":0},"end":{"line":21,"column":16}},"1":{"start":{"line":5,"column":19},"end":{"line":5,"column":46}},"2":{"start":{"line":22,"column":2},"end":{"line":42,"column":4}},"3":{"start":{"line":24,"column":6},"end":{"line":32,"column":7}},"4":{"start":{"line":25,"column":29},"end":{"line":25,"column":96}},"5":{"start":{"line":25,"column":30},"end":{"line":25,"column":87}},"6":{"start":{"line":26,"column":20},"end":{"line":26,"column":58}},"7":{"start":{"line":27,"column":8},"end":{"line":27,"column":30}},"8":{"start":{"line":27,"column":18},"end":{"line":27,"column":30}},"9":{"start":{"line":28,"column":18},"end":{"line":28,"column":46}},"10":{"start":{"line":29,"column":8},"end":{"line":29,"column":48}},"11":{"start":{"line":31,"column":8},"end":{"line":31,"column":20}},"12":{"start":{"line":35,"column":27},"end":{"line":35,"column":94}},"13":{"start":{"line":35,"column":28},"end":{"line":35,"column":85}},"14":{"start":{"line":36,"column":6},"end":{"line":37,"column":73}},"15":{"start":{"line":36,"column":25},"end":{"line":36,"column":67}},"16":{"start":{"line":37,"column":11},"end":{"line":37,"column":73}},"17":{"start":{"line":40,"column":6},"end":{"line":40,"column":40}}},"fnMap":{"0":{"name":"createEventService","decl":{"start":{"line":21,"column":16},"end":{"line":21,"column":34}},"loc":{"start":{"line":21,"column":34},"end":{"line":43,"column":1}}},"1":{"name":"(anonymous_10)","decl":{"start":{"line":23,"column":4},"end":{"line":23,"column":9}},"loc":{"start":{"line":23,"column":24},"end":{"line":33,"column":5}}},"2":{"name":"(anonymous_11)","decl":{"start":{"line":25,"column":30},"end":{"line":25,"column":43}},"loc":{"start":{"line":25,"column":30},"end":{"line":25,"column":87}}},"3":{"name":"(anonymous_12)","decl":{"start":{"line":34,"column":4},"end":{"line":34,"column":9}},"loc":{"start":{"line":34,"column":48},"end":{"line":38,"column":5}}},"4":{"name":"(anonymous_13)","decl":{"start":{"line":35,"column":28},"end":{"line":35,"column":41}},"loc":{"start":{"line":35,"column":28},"end":{"line":35,"column":85}}},"5":{"name":"(anonymous_14)","decl":{"start":{"line":39,"column":4},"end":{"line":39,"column":17}},"loc":{"start":{"line":39,"column":34},"end":{"line":41,"column":5}}}},"branchMap":{"0":{"loc":{"start":{"line":27,"column":8},"end":{"line":27,"column":30}},"type":"if","locations":[{"start":{"line":27,"column":8},"end":{"line":27,"column":30}}]},"1":{"loc":{"start":{"line":29,"column":15},"end":{"line":29,"column":47}},"type":"cond-expr","locations":[{"start":{"line":29,"column":39},"end":{"line":29,"column":40}},{"start":{"line":29,"column":43},"end":{"line":29,"column":47}}]},"2":{"loc":{"start":{"line":36,"column":6},"end":{"line":37,"column":73}},"type":"if","locations":[{"start":{"line":36,"column":6},"end":{"line":37,"column":73}},{"start":{"line":37,"column":11},"end":{"line":37,"column":73}}]}},"s":{"0":0,"1":0,"2":0,"3":0,"4":0,"5":0,"6":0,"7":0,"8":0,"9":0,"10":0,"11":0,"12":0,"13":0,"14":0,"15":0,"16":0,"17":0},"f":{"0":0,"1":0,"2":0,"3":0,"4":0,"5":0},"b":{"0":[0],"1":[0,0],"2":[0,0]}}
,"/Users/jarvis/Documents/gitHub/reflex-rush/src/services/FirebaseAdapter.ts": {"path":"/Users/jarvis/Documents/gitHub/reflex-rush/src/services/FirebaseAdapter.ts","statementMap":{"0":{"start":{"line":8,"column":0},"end":{"line":8,"column":16}},"1":{"start":{"line":9,"column":2},"end":{"line":22,"column":4}},"2":{"start":{"line":13,"column":6},"end":{"line":13,"column":16}},"3":{"start":{"line":20,"column":6},"end":{"line":20,"column":16}}},"fnMap":{"0":{"name":"createFirebaseAdapter","decl":{"start":{"line":8,"column":16},"end":{"line":8,"column":37}},"loc":{"start":{"line":8,"column":71},"end":{"line":23,"column":1}}},"1":{"name":"(anonymous_1)","decl":{"start":{"line":10,"column":4},"end":{"line":10,"column":9}},"loc":{"start":{"line":10,"column":38},"end":{"line":14,"column":5}}},"2":{"name":"(anonymous_2)","decl":{"start":{"line":15,"column":4},"end":{"line":15,"column":9}},"loc":{"start":{"line":15,"column":35},"end":{"line":17,"column":5}}},"3":{"name":"(anonymous_3)","decl":{"start":{"line":18,"column":4},"end":{"line":18,"column":9}},"loc":{"start":{"line":18,"column":25},"end":{"line":21,"column":5}}}},"branchMap":{},"s":{"0":0,"1":0,"2":0,"3":0},"f":{"0":0,"1":0,"2":0,"3":0},"b":{}}
,"/Users/jarvis/Documents/gitHub/reflex-rush/src/services/LootboxService.ts": {"path":"/Users/jarvis/Documents/gitHub/reflex-rush/src/services/LootboxService.ts","statementMap":{"0":{"start":{"line":21,"column":0},"end":{"line":21,"column":16}},"1":{"start":{"line":7,"column":19},"end":{"line":7,"column":21}},"2":{"start":{"line":8,"column":21},"end":{"line":8,"column":94}},"3":{"start":{"line":22,"column":2},"end":{"line":30,"column":4}},"4":{"start":{"line":23,"column":20},"end":{"line":23,"column":30}},"5":{"start":{"line":25,"column":6},"end":{"line":25,"column":81}},"6":{"start":{"line":25,"column":37},"end":{"line":25,"column":81}},"7":{"start":{"line":26,"column":19},"end":{"line":26,"column":75}},"8":{"start":{"line":26,"column":55},"end":{"line":26,"column":59}},"9":{"start":{"line":27,"column":21},"end":{"line":27,"column":66}},"10":{"start":{"line":28,"column":6},"end":{"line":28,"column":57}}},"fnMap":{"0":{"name":"createLootboxService","decl":{"start":{"line":21,"column":16},"end":{"line":21,"column":36}},"loc":{"start":{"line":21,"column":36},"end":{"line":31,"column":1}}},"1":{"name":"(anonymous_1)","decl":{"start":{"line":23,"column":14},"end":{"line":23,"column":17}},"loc":{"start":{"line":23,"column":20},"end":{"line":23,"column":30}}},"2":{"name":"(anonymous_2)","decl":{"start":{"line":24,"column":4},"end":{"line":24,"column":8}},"loc":{"start":{"line":24,"column":48},"end":{"line":29,"column":5}}},"3":{"name":"(anonymous_3)","decl":{"start":{"line":26,"column":48},"end":{"line":26,"column":49}},"loc":{"start":{"line":26,"column":55},"end":{"line":26,"column":59}}}},"branchMap":{"0":{"loc":{"start":{"line":25,"column":6},"end":{"line":25,"column":81}},"type":"if","locations":[{"start":{"line":25,"column":6},"end":{"line":25,"column":81}}]},"1":{"loc":{"start":{"line":26,"column":19},"end":{"line":26,"column":75}},"type":"cond-expr","locations":[{"start":{"line":26,"column":38},"end":{"line":26,"column":60}},{"start":{"line":26,"column":63},"end":{"line":26,"column":75}}]}},"s":{"0":0,"1":0,"2":0,"3":0,"4":0,"5":0,"6":0,"7":0,"8":0,"9":0,"10":0},"f":{"0":0,"1":0,"2":0,"3":0},"b":{"0":[0],"1":[0,0]}}
,"/Users/jarvis/Documents/gitHub/reflex-rush/src/services/MetaProgression.ts": {"path":"/Users/jarvis/Documents/gitHub/reflex-rush/src/services/MetaProgression.ts","statementMap":{"0":{"start":{"line":26,"column":0},"end":{"line":26,"column":16}},"1":{"start":{"line":22,"column":29},"end":{"line":22,"column":38}},"2":{"start":{"line":23,"column":31},"end":{"line":23,"column":37}},"3":{"start":{"line":24,"column":20},"end":{"line":24,"column":38}},"4":{"start":{"line":27,"column":29},"end":{"line":27,"column":41}},"5":{"start":{"line":28,"column":31},"end":{"line":28,"column":44}},"6":{"start":{"line":29,"column":24},"end":{"line":29,"column":55}},"7":{"start":{"line":30,"column":25},"end":{"line":30,"column":58}},"8":{"start":{"line":32,"column":2},"end":{"line":75,"column":4}},"9":{"start":{"line":33,"column":27},"end":{"line":33,"column":39}},"10":{"start":{"line":34,"column":28},"end":{"line":34,"column":41}},"11":{"start":{"line":36,"column":6},"end":{"line":36,"column":51}},"12":{"start":{"line":36,"column":33},"end":{"line":36,"column":51}},"13":{"start":{"line":39,"column":6},"end":{"line":39,"column":53}},"14":{"start":{"line":39,"column":34},"end":{"line":39,"column":53}},"15":{"start":{"line":41,"column":28},"end":{"line":41,"column":53}},"16":{"start":{"line":42,"column":29},"end":{"line":42,"column":55}},"17":{"start":{"line":44,"column":6},"end":{"line":44,"column":28}},"18":{"start":{"line":45,"column":6},"end":{"line":45,"column":18}},"19":{"start":{"line":48,"column":6},"end":{"line":48,"column":29}},"20":{"start":{"line":49,"column":6},"end":{"line":49,"column":18}},"21":{"start":{"line":52,"column":6},"end":{"line":62,"column":16}},"22":{"start":{"line":53,"column":42},"end":{"line":53,"column":99}},"23":{"start":{"line":54,"column":20},"end":{"line":54,"column":59}},"24":{"start":{"line":55,"column":8},"end":{"line":61,"column":9}},"25":{"start":{"line":56,"column":23},"end":{"line":56,"column":38}},"26":{"start":{"line":57,"column":10},"end":{"line":57,"column":66}},"27":{"start":{"line":57,"column":33},"end":{"line":57,"column":66}},"28":{"start":{"line":58,"column":10},"end":{"line":58,"column":69}},"29":{"start":{"line":58,"column":34},"end":{"line":58,"column":69}},"30":{"start":{"line":59,"column":10},"end":{"line":59,"column":115}},"31":{"start":{"line":59,"column":49},"end":{"line":59,"column":115}},"32":{"start":{"line":59,"column":92},"end":{"line":59,"column":113}},"33":{"start":{"line":60,"column":10},"end":{"line":60,"column":118}},"34":{"start":{"line":60,"column":50},"end
[...]
umn":51},"end":{"line":31,"column":63}},"16":{"start":{"line":32,"column":4},"end":{"line":32,"column":34}},"17":{"start":{"line":35,"column":2},"end":{"line":44,"column":4}},"18":{"start":{"line":37,"column":6},"end":{"line":37,"column":18}},"19":{"start":{"line":40,"column":18},"end":{"line":40,"column":42}},"20":{"start":{"line":41,"column":6},"end":{"line":41,"column":39}},"21":{"start":{"line":41,"column":26},"end":{"line":41,"column":39}},"22":{"start":{"line":42,"column":6},"end":{"line":42,"column":17}}},"fnMap":{"0":{"name":"createInputSystem","decl":{"start":{"line":19,"column":16},"end":{"line":19,"column":33}},"loc":{"start":{"line":19,"column":33},"end":{"line":45,"column":1}}},"1":{"name":"computeDirection","decl":{"start":{"line":22,"column":11},"end":{"line":22,"column":27}},"loc":{"start":{"line":22,"column":50},"end":{"line":33,"column":3}}},"2":{"name":"(anonymous_2)","decl":{"start":{"line":36,"column":4},"end":{"line":36,"column":19}},"loc":{"start":{"line":36,"column":42},"end":{"line":38,"column":5}}},"3":{"name":"(anonymous_3)","decl":{"start":{"line":39,"column":4},"end":{"line":39,"column":16}},"loc":{"start":{"line":39,"column":39},"end":{"line":43,"column":5}}}},"branchMap":{"0":{"loc":{"start":{"line":26,"column":4},"end":{"line":26,"column":42}},"type":"if","locations":[{"start":{"line":26,"column":4},"end":{"line":26,"column":42}}]},"1":{"loc":{"start":{"line":27,"column":4},"end":{"line":30,"column":5}},"type":"if","locations":[{"start":{"line":27,"column":4},"end":{"line":30,"column":5}}]},"2":{"loc":{"start":{"line":28,"column":6},"end":{"line":28,"column":65}},"type":"if","locations":[{"start":{"line":28,"column":6},"end":{"line":28,"column":65}}]},"3":{"loc":{"start":{"line":29,"column":13},"end":{"line":29,"column":38}},"type":"cond-expr","locations":[{"start":{"line":29,"column":22},"end":{"line":29,"column":29}},{"start":{"line":29,"column":32},"end":{"line":29,"column":38}}]},"4":{"loc":{"start":{"line":31,"column":4},"end":{"line":31,"column":63}},"type":"if","locations":[{"start":{"line":31,"column":4},"end":{"line":31,"column":63}}]},"5":{"loc":{"start":{"line":32,"column":11},"end":{"line":32,"column":33}},"type":"cond-expr","locations":[{"start":{"line":32,"column":20},"end":{"line":32,"column":26}},{"start":{"line":32,"column":29},"end":{"line":32,"column":33}}]},"6":{"loc":{"start":{"line":41,"column":6},"end":{"line":41,"column":39}},"type":"if","locations":[{"start":{"line":41,"column":6},"end":{"line":41,"column":39}}]},"7":{"loc":{"start":{"line":41,"column":10},"end":{"line":41,"column":24}},"type":"binary-expr","locations":[{"start":{"line":41,"column":10},"end":{"line":41,"column":13}},{"start":{"line":41,"column":17},"end":{"line":41,"column":24}}]}},"s":{"0":1,"1":1,"2":1,"3":1,"4":5,"5":7,"6":7,"7":7,"8":7,"9":2,"10":5,"11":3,"12":0,"13":3,"14":2,"15":0,"16":2,"17":5,"18":0,"19":7,"20":7,"21":0,"22":7},"f":{"0":5,"1":7,"2":0,"3":7},"b":{"0":[2],"1":[3],"2":[0],"3":[1,2],"4":[0],"5":[1,1],"6":[0],"7":[7,5]}}
,"/Users/jarvis/Documents/gitHub/reflex-rush/src/systems/ScoreSystem.ts": {"path":"/Users/jarvis/Documents/gitHub/reflex-rush/src/systems/ScoreSystem.ts","statementMap":{"0":{"start":{"line":13,"column":0},"end":{"line":13,"column":16}},"1":{"start":{"line":14,"column":14},"end":{"line":14,"column":15}},"2":{"start":{"line":15,"column":21},"end":{"line":15,"column":22}},"3":{"start":{"line":16,"column":28},"end":{"line":16,"column":30}},"4":{"start":{"line":17,"column":27},"end":{"line":17,"column":29}},"5":{"start":{"line":19,"column":2},"end":{"line":33,"column":4}},"6":{"start":{"line":20,"column":20},"end":{"line":20,"column":25}},"7":{"start":{"line":21,"column":27},"end":{"line":21,"column":39}},"8":{"start":{"line":23,"column":6},"end":{"line":23,"column":52}},"9":{"start":{"line":26,"column":6},"end":{"line":26,"column":32}},"10":{"start":{"line":27,"column":6},"end":{"line":27,"column":24}},"11":{"start":{"line":30,"column":6},"end":{"line":30,"column":16}},"12":{"start":{"line":31,"column":6},"end":{"line":31,"column":23}}},"fnMap":{"0":{"name":"createScoreSystem","decl":{"start":{"line":13,"column":16},"end":{"line":13,"column":33}},"loc":{"start":{"line":13,"column":33},"end":{"line":34,"column":1}}},"1":{"name":"(anonymous_1)","decl":{"start":{"line":20,"column":14},"end":{"line":20,"column":17}},"loc":{"start":{"line":20,"column":20},"end":{"line":20,"column":25}}},"2":{"name":"(anonymous_2)","decl":{"start":{"line":21,"column":21},"end":{"line":21,"column":24}},"loc":{"start":{"line":21,"column":27},"end":{"line":21,"column":39}}},"3":{"name":"(anonymous_3)","decl":{"start":{"line":22,"column":4},"end":{"line":22,"column":16}},"loc":{"start":{"line":22,"column":32},"end":{"line":24,"column":5}}},"4":{"name":"(anonymous_4)","decl":{"start":{"line":25,"column":4},"end":{"line":25,"column":20}},"loc":{"start":{"line":25,"column":20},"end":{"line":28,"column":5}}},"5":{"name":"(anonymous_5)","decl":{"start":{"line":29,"column":4},"end":{"line":29,"column":9}},"loc":{"start":{"line":29,"column":9},"end":{"line":32,"column":5}}}},"branchMap":{},"s":{"0":2,"1":16,"2":16,"3":16,"4":16,"5":16,"6":5,"7":4,"8":3,"9":3,"10":3,"11":12,"12":12},"f":{"0":16,"1":5,"2":4,"3":3,"4":3,"5":12},"b":{}}
,"/Users/jarvis/Documents/gitHub/reflex-rush/src/systems/SpaceSpawnManager.ts": {"path":"/Users/jarvis/Documents/gitHub/reflex-rush/src/systems/SpaceSpawnManager.ts","statementMap":{"0":{"start":{"line":14,"column":0},"end":{"line":14,"column":16}},"1":{"start":{"line":6,"column":0},"end":{"line":6,"column":86}},"2":{"start":{"line":15,"column":20},"end":{"line":15,"column":21}},"3":{"start":{"line":16,"column":23},"end":{"line":16,"column":52}},"4":{"start":{"line":19,"column":16},"end":{"line":19,"column":32}},"5":{"start":{"line":20,"column":4},"end":{"line":20,"column":90}},"6":{"start":{"line":29,"column":4},"end":{"line":29,"column":27}},"7":{"start":{"line":30,"column":21},"end":{"line":30,"column":82}},"8":{"start":{"line":31,"column":30},"end":{"line":31,"column":32}},"9":{"start":{"line":33,"column":4},"end":{"line":45,"column":5}},"10":{"start":{"line":34,"column":6},"end":{"line":34,"column":30}},"11":{"start":{"line":35,"column":20},"end":{"line":35,"column":49}},"12":{"start":{"line":36,"column":16},"end":{"line":36,"column":29}},"13":{"start":{"line":37,"column":16},"end":{"line":37,"column":56}},"14":{"start":{"line":38,"column":6},"end":{"line":44,"column":7}},"15":{"start":{"line":39,"column":8},"end":{"line":39,"column":68}},"16":{"start":{"line":40,"column":13},"end":{"line":44,"column":7}},"17":{"start":{"line":41,"column":8},"end":{"line":41,"column":67}},"18":{"start":{"line":43,"column":8},"end":{"line":43,"column":78}},"19":{"start":{"line":47,"column":4},"end":{"line":47,"column":19}},"20":{"start":{"line":51,"column":4},"end":{"line":51,"column":31}},"21":{"start":{"line":54,"column":2},"end":{"line":54,"column":25}}},"fnMap":{"0":{"name":"createSpaceSpawnManager","decl":{"start":{"line":14,"column":16},"end":{"line":14,"column":39}},"loc":{"start":{"line":14,"column":58},"end":{"line":55,"column":1}}},"1":{"name":"speedForElapsed","decl":{"start":{"line":18,"column":11},"end":{"line":18,"column":26}},"loc":{"start":{"line":18,"column":44},"end":{"line":21,"column":3}}},"2":{"name":"tick","decl":{"start":{"line":23,"column":11},"end":{"line":23,"column":15}},"loc":{"start":{"line":27,"column":22},"end":{"line":48,"column":3}}},"3":{"name":"reset","decl":{"start":{"line":50,"column":11},"end":{"line":50,"column":16}},"loc":{"start":{"line":50,"column":16},"end":{"line":52,"column":3}}}},"branchMap":{"0":{"loc":{"start":{"line":16,"column":23},"end":{"line":16,"column":52}},"type":"binary-expr","locations":[{"start":{"line":16,"column":23},"end":{"line":16,"column":45}},{"start":{"line":16,"column":49},"end":{"line":16,"column":52}}]},"1":{"loc":{"start":{"line":20,"column":12},"end":{"line":20,"column":41}},"type":"binary-expr","locations":[{"start":{"line":20,"column":12},"end":{"line":20,"column":34}},{"start":{"line":20,"column":38},"end":{"line":20,"column":41}}]},"2":{"loc":{"start":{"line":20,"column":46},"end":{"line":20,"column":82}},"type":"binary-expr","locations":[{"start":{"line":20,"column":46},"end":{"line":20,"column":76}},{"start":{"line":20,"column":80},"end":{"line":20,"column":82}}]},"3":{"loc":{"start":{"line":38,"column":6},"end":{"line":44,"column":7}},"type":"if","locations":[{"start":{"line":38,"column":6},"end":{"line":44,"column":7}},{"start":{"line":40,"column":13},"end":{"line":44,"column":7}}]},"4":{"loc":{"start":{"line":40,"column":13},"end":{"line":44,"column":7}},"type":"if","locations":[{"start":{"line":40,"column":13},"end":{"line":44,"column":7}},{"start":{"line":42,"column":13},"end":{"line":44,"column":7}}]}},"s":{"0":2,"1":2,"2":16,"3":16,"4":6,"5":6,"6":5,"7":5,"8":5,"9":5,"10":6,"11":6,"12":6,"13":6,"14":6,"15":5,"16":1,"17":1,"18":0,"19":5,"20":12,"21":16},"f":{"0":16,"1":6,"2":5,"3":12},"b":{"0":[16,0],"1":[6,0],"2":[6,0],"3":[5,1],"4":[1,0]}}
,"/Users/jarvis/Documents/gitHub/reflex-rush/src/systems/SpawnManager.ts": {"path":"/Users/jarvis/Documents/gitHub/reflex-rush/src/systems/SpawnManager.ts","statementMap":{"0":{"start":{"line":14,"column":0},"end":{"line":14,"column":16}},"1":{"start":{"line":6,"column":0},"end":{"line":6,"column":66}},"2":{"start":{"line":15,"column":20},"end":{"line":15,"column":21}},"3":{"start":{"line":18,"column":16},"end":{"line":18,"column":32}},"4":{"start":{"line":19,"column":4},"end":{"line":19,"column":73}},"5":{"start":{"line":28,"column":23},"end":{"line":28,"column":58}},"6":{"start":{"line":29,"column":4},"end":{"line":29,"column":27}},"7":{"start":{"line":30,"column":30},"end":{"line":30,"column":32}},"8":{"start":{"line":31,"column":4},"end":{"line":36,"column":5}},"9":{"start":{"line":32,"column":6},"end":{"line":32,"column":32}},"10":{"start":{"line":33,"column":19},"end":{"line":33,"column":35}},"11":{"start":{"line":34,"column":20},"end":{"line":34,"column":49}},"12":{"start":{"line":35,"column":6},"end":{"line":35,"column":69}},"13":{"start":{"line":37,"column":4},"end":{"line":37,"column":19}},"14":{"start":{"line":42,"column":4},"end":{"line":42,"column":54}},"15":{"start":{"line":45,"column":2},"end":{"line":45,"column":25}}},"fnMap":{"0":{"name":"createSpawnManager","decl":{"start":{"line":14,"column":16},"end":{"line":14,"column":34}},"loc":{"start":{"line":14,"column":53},"end":{"line":46,"column":1}}},"1":{"name":"speedForElapsed","decl":{"start":{"line":17,"column":11},"end":{"line":17,"column":26}},"loc":{"start":{"line":17,"column":44},"end":{"line":20,"column":3}}},"2":{"name":"tick","decl":{"start":{"line":22,"column":11},"end":{"line":22,"column":15}},"loc":{"start":{"line":26,"column":22},"end":{"line":38,"column":3}}},"3":{"name":"reset","decl":{"start":{"line":40,"column":11},"end":{"line":40,"column":16}},"loc":{"start":{"line":40,"column":16},"end":{"line":43,"column":3}}}},"branchMap":{},"s":{"0":1,"1":1,"2":4,"3":103,"4":103,"5":5,"6":5,"7":5,"8":5,"9":103,"10":103,"11":103,"12":103,"13":5,"14":1,"15":4},"f":{"0":4,"1":103,"2":5,"3":1},"b":{}}
,"/Users/jarvis/Documents/gitHub/reflex-rush/src/systems/WeaponSystem.ts": {"path":"/Users/jarvis/Documents/gitHub/reflex-rush/src/systems/WeaponSystem.ts","statementMap":{"0":{"start":{"line":17,"column":0},"end":{"line":17,"column":16}},"1":{"start":{"line":82,"column":0},"end":{"line":82,"column":16}},"2":{"start":{"line":8,"column":0},"end":{"line":8,"column":43}},"3":{"start":{"line":10,"column":21},"end":{"line":10,"column":24}},"4":{"start":{"line":11,"column":36},"end":{"line":11,"column":39}},"5":{"start":{"line":18,"column":35},"end":{"line":18,"column":52}},"6":{"start":{"line":20,"column":2},"end":{"line":79,"column":4}},"7":{"start":{"line":22,"column":6},"end":{"line":22,"column":27}},"8":{"start":{"line":31,"column":23},"end":{"line":31,"column":56}},"9":{"start":{"line":32,"column":6},"end":{"line":32,"column":55}},"10":{"start":{"line":32,"column":45},"end":{"line":32,"column":55}},"11":{"start":{"line":33,"column":6},"end":{"line":33,"column":29}},"12":{"start":{"line":35,"column":20},"end":{"line":36,"column":null}},"13":{"start":{"line":36,"column":15},"end":{"line":36,"column":82}},"14":{"start":{"line":38,"column":24},"end":{"line":38,"column":36}},"15":{"start":{"line":39,"column":25},"end":{"line":39,"column":38}},"16":{"start":{"line":40,"column":28},"end":{"line":40,"column":89}},"17":{"start":{"line":41,"column":32},"end":{"line":41,"column":34}},"18":{"start":{"line":43,"column":6},"end":{"line":75,"column":7}},"19":{"start":{"line":44,"column":24},"end":{"line":44,"column":54}},"20":{"start":{"line":45,"column":21},"end":{"line":45,"column":32}},"21":{"start":{"line":46,"column":23},"end":{"line":46,"column":24}},"22":{"start":{"line":48,"column":8},"end":{"line":74,"column":9}},"23":{"start":{"line":49,"column":20},"end":{"line":49,"column":78}},"24":{"start":{"line":50,"column":10},"end":{"line":53,"column":11}},"25":{"start":{"line":51,"column":12},"end":{"line":51,"column":53}},"26":{"start":{"line":52,"column":12},"end":{"line":52,"column":28}},"27":{"start":{"line":54,"column":15},"end":{"line":74,"column":9}},"28":{"start":{"line":55,"column":26},"end":{"line":55,"column":43}},"29":{"start":{"line":56,"column":10},"end":{"line":63,"column":11}},"30":{"start":{"line":57,"column":22},"end":{"line":57,"column":118}},"31":{"start":{"line":58,"column":22},"end":{"line":58,"column":77}},"32":{"start":{"line":59,"column":12},"end":{"line":62,"column":13}},"33":{"start":{"line":60,"column":14},"end":{"line":60,"column":55}},"34":{"start":{"line":61,"column":14},"end":{"line":61,"column":30}},"35":{"start":{"line":64,"column":15},"end":{"line":74,"column":9}},"36":{"start":{"line":65,"column":33},"end":{"line":65,"column":52}},"37":{"start":{"line":66,"column":25},"end":{"line":66,"column":61}},"38":{"start":{"line":67,"column":10},"end":{"line":73,"column":11}},"39":{"start":{"line":68,"column":22},"end":{"line":68,"column":80}},"40":{"start":{"line":69,"column":12},"end":{"line":72,"column":13}},"41":{"start":{"line":70,"column":14},"end":{"line":70,"column":56}},"42":{"start":{"line":71,"column":14},"end":{"line":71,"column":30}},"43":{"start":{"line":77,"column":6},"end":{"line":77,"column":21}},"44":{"start":{"line":87,"column":30},"end":{"line":87,"column":32}},"45":{"start":{"line":88,"column":2},"end":{"line":95,"column":3}},"46":{"start":{"line":89,"column":4},"end":{"line":89,"column":30}},"47":{"start":{"line":89,"column":21},"end":{"line":89,"column":30}},"48":{"start":{"line":90,"column":4},"end":{"line":90,"column":42}},"49":{"start":{"line":91,"column":4},"end":{"line":91,"column":42}},"50":{"start":{"line":92,"column":4},"end":{"line":94,"column":5}},"51":{"start":{"line":93,"column":6},"end":{"line":93,"column":27}},"52":{"start":{"line":96,"column":2},"end":{"line":99,"column":4}}},"fnMap":{"0":{"name":"createWeaponSystem","decl":{"start":{"line":17,"column":16},"end":{"line":17,"column":34}},"loc":{"start":{"line":17,"column":34},"end":{"line":80,"column":1}}},"1":{"name":"(anonymous_1)","decl":{"start":{"line":21,"column":4},"end":{"line":21,"column":9}},"loc":{"start":{"line":21,"column":9},"end":{"line":23,"column":5}}},"2":{"name":"(anonymous_2)","decl":{"start":{"line":25,"column":4},"end":{"line":25,"column":8}},"loc":{"start":{"line":29,"column":24},"end":{"line":78,"column":5}}},"3":{"name":"(anonymous_3)","decl":{"start":{"line":36,"column":8},"end":{"line":36,"column":9}},"loc":{"start":{"line":36,"column":15},"end":{"line":36,"column":82}}},"4":{"name":"moveProjectiles","decl":{"start":{"line":82,"column":16},"end":{"line":82,"column":31}},"loc":{"start":{"line":85,"column":20},"end":{"line":100,"column":1}}}},"branchMap":{"0":{"loc":{"start":{"line":31,"column":23},"end":{"line":31,"column":56}},"type":"binary-expr","locations":[{"start":{"line":31,"column":23},"end":{"line":31,"column":40}},{"start":{"line":31,"column":44},"end":{"line":31,"column":56}}]},"1":{"loc":{"start":{"line":32,"column":6},"end":{"line":32,"column":55}},"type":"if","locations":[{"start":{"line":32,"column":6},"end":{"line":32,"column":55}}]},"2":{"loc":{"start":{"line":36,"column":15},"end":{"line":36,"column":82}},"type":"binary-expr","locations":[{"start":{"line":36,"column":15},"end":{"line":36,"column":47}},{"start":{"line":36,"column":51},"end":{"line":36,"column":82}}]},"3":{"loc":{"start":{"line":40,"column":28},"end":{"line":40,"column":89}},"type":"binary-expr","locations":[{"start":{"line":40,"column":28},"end":{"line":40,"column":58}},{"start":{"line":40,"column":62},"end":{"line":40,"column":89}}]},"4":{"loc":{"start":{"line":44,"column":24},"end":{"line":44,"column":54}},"type":"binary-expr","locations":[{"start":{"line":44,"column":24},"end":{"line":44,"column":42}},{"start":{"line":44,"column":46},"end":{"line":44,"column":54}}]},"5":{"loc":{"start":{"line":48,"column":8},"end":{"line":74,"column":9}},"type":"if","locations":[{"start":{"line":48,"column":8},"end":{"line":74,"column":9}},{"start":{"line":54,"column":15},"end":{"line":74,"column":9}}]},"6":{"loc":{"start":{"line":50,"column":10},"end":{"line":53,"column":11}},"type":"if","locations":[{"start":{"line":50,"column":10},"end":{"line":53,"column":11}}]},"7":{"loc":{"start":{"line":54,"column":15},"end":{"line":74,"column":9}},"type":"if","locations":[{"start":{"line":54,"column":15},"end":{"line":74,"column":9}},{"start":{"line":64,"column":15},"end":{"line":74,"column":9}}]},"8":{"loc":{"start":{"line":59,"column":12},"end":{"line":62,"column":13}},"type":"if","locations":[{"start":{"line":59,"column":12},"end":{"line":62,"column":13}}]},"9":{"loc":{"start":{"line":64,"column":15},"end":{"line":74,"column":9}},"type":"if","locations":[{"start":{"line":64,"column":15},"end":{"line":74,"column":9}}]},"10":{"loc":{"start":{"line":69,"column":12},"end":{"line":72,"column":13}},"type":"if","locations":[{"start":{"line":69,"column":12},"end":{"line":72,"column":13}}]},"11":{"loc":{"start":{"line":89,"column":4},"end":{"line":89,"column":30}},"type":"if","locations":[{"start":{"line":89,"column":4},"end":{"line":89,"column":30}}]},"12":{"loc":{"start":{"line":92,"column":4},"end":{"line":94,"column":5}},"type":"if","locations":[{"start":{"line":92,"column":4},"end":{"line":94,"column":5}}]},"13":{"loc":{"start":{"line":92,"column":8},"end":{"line":92,"column":74}},"type":"binary-expr","locations":[{"start":{"line":92,"column":8},"end":{"line":92,"column":42}},{"start":{"line":92,"column":46},"end":{"line":92,"column":74}}]}},"s":{"0":2,"1":2,"2":2,"3":2,"4":2,"5":15,"6":15,"7":12,"8":6,"9":6,"10":1,"11":5,"12":5,"13":5,"14":5,"15":5,"16":5,"17":5,"18":5,"19":5,"20":5,"21":5,"22":5,"23":5,"24":5,"25":5,"26":5,"27":0,"28":0,"29":0,"30":0,"31":0,"32":0,"33":0,"34":0,"35":0,"36":0,"37":0,"38":0,"39":0,"40":0,"41":0,"42":0,"43":5,"44":2,"45":2,"46":2,"47":0,"48":2,"49":2,"50":2,"51":1,"52":2},"f":{"0":15,"1":12,"2":6,"3":5,"4":2},"b":{"0":[6,0],"1":[1],"2":[5,0],"3":[5,0],"4":[5,0],"5":[5,0],"6":[5],"7":[0,0],"8":[0],"9":[0],"10":[0],"11":[0],"12":[1],"13":[2,1]}}
,"/Users/jarvis/Documents/gitHub/reflex-rush/src/systems/index.ts": {"path":"/Users/jarvis/Documents/gitHub/reflex-rush/src/systems/index.ts","statementMap":{"0":{"start":{"line":1,"column":0},"end":{"line":1,"column":30}},"1":{"start":{"line":2,"column":0},"end":{"line":2,"column":31}},"2":{"start":{"line":3,"column":0},"end":{"line":3,"column":30}},"3":{"start":{"line":4,"column":0},"end":{"line":4,"column":33}},"4":{"start":{"line":5,"column":0},"end":{"line":5,"column":31}},"5":{"start":{"line":6,"column":0},"end":{"line":6,"column":30}},"6":{"start":{"line":7,"column":0},"end":{"line":7,"column":31}},"7":{"start":{"line":8,"column":0},"end":{"line":8,"column":29}},"8":{"start":{"line":9,"column":0},"end":{"line":9,"column":36}}},"fnMap":{},"branchMap":{},"s":{"0":0,"1":0,"2":0,"3":0,"4":0,"5":0,"6":0,"7":0,"8":0},"f":{},"b":{}}
}
