TN:
SF:src/analytics/AnalyticsLayer.ts
FN:25,setAnalyticsProvider
FN:29,logEvent
FN:34,(anonymous_2)
FNF:3
FNH:0
FNDA:0,setAnalyticsProvider
FNDA:0,logEvent
FNDA:0,(anonymous_2)
DA:23,0
DA:25,0
DA:26,0
DA:29,0
DA:30,0
DA:33,0
DA:35,0
LF:7
LH:0
BRDA:35,0,0,0
BRF:1
BRH:0
end_of_record
TN:
SF:src/config/ShopCatalog.ts
FNF:0
FNH:0
DA:12,1
LF:1
LH:1
BRF:0
BRH:0
end_of_record
TN:
SF:src/core/constants.ts
FNF:0
FNH:0
DA:8,9
DA:25,9
DA:26,9
DA:27,9
DA:29,9
DA:30,9
DA:31,9
DA:34,9
DA:35,9
DA:36,9
DA:37,9
DA:38,9
DA:39,9
DA:40,9
DA:41,9
DA:42,9
DA:43,9
DA:44,9
DA:45,9
DA:46,9
DA:47,9
LF:21
LH:21
BRF:0
BRH:0
end_of_record
TN:
SF:src/core/index.ts
FNF:0
FNH:0
DA:1,0
DA:2,0
LF:2
LH:0
BRF:0
BRH:0
end_of_record
TN:
SF:src/core/types.ts
FN:10,(anonymous_0)
FNF:1
FNH:1
FNDA:12,(anonymous_0)
DA:10,12
DA:11,12
DA:12,12
DA:13,12
DA:14,12
DA:16,12
DA:17,12
DA:18,12
DA:19,12
DA:20,12
DA:21,12
DA:22,12
DA:23,12
LF:13
LH:13
BRDA:10,0,0,12
BRDA:10,0,1,12
BRF:2
BRH:2
end_of_record
TN:
SF:src/engine/CollisionSystem.ts
FN:7,intersectAABB
FN:16,distanceBetween
FNF:2
FNH:2
FNDA:8,intersectAABB
FNDA:2,distanceBetween
DA:7,3
DA:8,8
DA:16,3
DA:17,2
DA:18,2
DA:19,2
DA:20,2
DA:21,2
LF:8
LH:8
BRDA:9,0,0,8
BRDA:9,0,1,7
BRDA:9,0,2,4
BRDA:9,0,3,4
BRF:4
BRH:4
end_of_record
TN:
SF:src/engine/GameLoop.ts
FN:17,createGameLoop
FN:23,tick
FN:27,(anonymous_2)
FN:32,(anonymous_3)
FN:38,(anonymous_4)
FN:45,(anonymous_5)
FN:46,(anonymous_6)
FN:48,(anonymous_7)
FNF:8
FNH:8
FNDA:16,createGameLoop
FNDA:4,tick
FNDA:1,(anonymous_2)
FNDA:14,(anonymous_3)
FNDA:18,(anonymous_4)
FNDA:3,(anonymous_5)
FNDA:15,(anonymous_6)
FNDA:13,(anonymous_7)
DA:14,2
DA:15,2
DA:17,2
DA:18,16
DA:19,16
DA:20,16
DA:21,16
DA:24,4
DA:25,4
DA:26,4
DA:27,4
DA:28,4
DA:31,16
DA:33,14
DA:34,13
DA:35,13
DA:36,13
DA:39,18
DA:40,18
DA:41,13
DA:42,13
DA:45,3
DA:47,15
DA:48,15
LF:24
LH:24
BRDA:24,0,0,0
BRDA:33,1,0,1
BRDA:40,2,0,13
BRF:3
BRH:2
end_of_record
TN:
SF:src/engine/GameRunner.ts
FN:71,createGameRunner
FN:100,(anonymous_1)
FN:102,kill
FN:112,startRun
FN:145,(anonymous_4)
FN:189,(anonymous_5)
FN:195,(anonymous_6)
FN:224,(anonymous_7)
FN:234,(anonymous_8)
FN:242,(anonymous_9)
FN:271,(anonymous_10)
FN:272,(anonymous_11)
FN:297,(anonymous_12)
FN:316,(anonymous_13)
FN:326,(anonymous_14)
FN:330,goToMenu
FN:353,(anonymous_16)
FN:355,(anonymous_17)
FN:362,(anonymous_18)
FN:365,(anonymous_19)
FN:380,(anonymous_20)
FNF:21
FNH:8
FNDA:12,createGameRunner
FNDA:17,(anonymous_1)
FNDA:0,kill
FNDA:11,startRun
FNDA:0,(anonymous_4)
FNDA:0,(anonymous_5)
FNDA:0,(anonymous_6)
FNDA:0,(anonymous_7)
FNDA:0,(anonymous_8)
FNDA:0,(anonymous_9)
FNDA:0,(anonymous_10)
FNDA:0,(anonymous_11)
FNDA:0,(anonymous_12)
FNDA:0,(anonymous_13)
FNDA:0,(anonymous_14)
FNDA:3,goToMenu
FNDA:19,(anonymous_16)
FNDA:1,(anonymous_17)
FNDA:0,(anonymous_18)
FNDA:4,(anonymous_19)
FNDA:12,(anonymous_20)
DA:6,1
DA:7,1
DA:8,1
DA:9,1
DA:10,1
DA:11,1
DA:12,1
DA:13,1
DA:18,1
DA:19,1
DA:20,1
DA:21,1
DA:24,1
DA:71,1
DA:75,12
DA:76,12
DA:77,12
DA:78,12
DA:79,12
DA:80,12
DA:82,12
DA:100,17
DA:103,0
DA:104,0
DA:105,0
DA:106,0
DA:107,0
DA:108,0
DA:109,0
DA:113,11
DA:114,11
DA:115,11
DA:116,11
DA:117,11
DA:119,11
DA:120,11
DA:137,11
DA:138,11
DA:139,11
DA:140,11
DA:143,12
DA:145,12
DA:146,0
DA:148,0
DA:149,0
DA:150,0
DA:151,0
DA:152,0
DA:153,0
DA:154,0
DA:155,0
DA:156,0
DA:158,0
DA:159,0
DA:162,0
DA:163,0
DA:164,0
DA:165,0
DA:166,0
DA:167,0
DA:168,0
DA:169,0
DA:172,0
DA:173,0
DA:176,0
DA:177,0
DA:178,0
DA:179,0
DA:180,0
DA:183,0
DA:188,0
DA:189,0
DA:192,0
DA:193,0
DA:194,0
DA:195,0
DA:198,0
DA:199,0
DA:200,0
DA:201,0
DA:202,0
DA:203,0
DA:204,0
DA:205,0
DA:206,0
DA:208,0
DA:213,0
DA:219,0
DA:223,0
DA:224,0
DA:228,0
DA:229,0
DA:230,0
DA:231,0
DA:234,0
DA:236,0
DA:237,0
DA:238,0
DA:239,0
DA:242,0
DA:244,0
DA:245,0
DA:246,0
DA:247,0
DA:248,0
DA:252,0
DA:253,0
DA:254,0
DA:255,0
DA:256,0
DA:257,0
DA:258,0
DA:263,0
DA:264,0
DA:265,0
DA:266,0
DA:267,0
DA:268,0
DA:271,0
DA:272,0
DA:275,0
DA:276,0
DA:277,0
DA:278,0
DA:279,0
DA:280,0
DA:281,0
DA:282,0
DA:283,0
DA:284,0
DA:285,0
DA:291,0
DA:292,0
DA:294,0
DA:297,0
DA:300,0
DA:301,0
DA:302,0
DA:303,0
DA:304,0
DA:305,0
DA:306,0
DA:307,0
DA:308,0
DA:310,0
DA:311,0
DA:312,0
DA:316,0
DA:318,0
DA:319,0
DA:320,0
DA:324,0
DA:325,0
DA:326,0
DA:327,0
DA:331,3
DA:332,3
DA:349,3
DA:352,12
DA:353,19
DA:356,1
DA:357,1
DA:358,1
DA:359,1
DA:366,4
DA:367,3
DA:368,3
DA:369,3
DA:370,3
DA:371,3
DA:372,3
DA:373,3
DA:374,3
DA:375,3
DA:376,3
DA:378,3
DA:381,12
DA:382,12
LF:178
LH:58
BRDA:103,0,0,0
BRDA:146,1,0,0
BRDA:146,2,0,0
BRDA:146,2,1,0
BRDA:149,3,0,0
BRDA:149,3,1,0
BRDA:152,4,0,0
BRDA:152,4,1,0
BRDA:156,5,0,0
BRDA:156,5,1,0
BRDA:159,6,0,0
BRDA:180,7,0,0
BRDA:202,8,0,0
BRDA:206,9,0,0
BRDA:208,10,0,0
BRDA:208,10,1,0
BRDA:210,11,0,0
BRDA:210,11,1,0
BRDA:229,12,0,0
BRDA:237,13,0,0
BRDA:244,14,0,0
BRDA:244,14,1,0
BRDA:252,15,0,0
BRDA:252,15,1,0
BRDA:252,16,0,0
BRDA:252,16,1,0
BRDA:256,17,0,0
BRDA:265,18,0,0
BRDA:267,19,0,0
BRDA:267,19,1,0
BRDA:277,20,0,0
BRDA:279,21,0,0
BRDA:279,21,1,0
BRDA:282,22,0,0
BRDA:282,22,1,0
BRDA:284,23,0,0
BRDA:284,23,1,0
BRDA:286,24,0,0
BRDA:286,24,1,0
BRDA:288,25,0,0
BRDA:288,25,1,0
BRDA:291,26,0,0
BRDA:304,27,0,0
BRDA:305,28,0,0
BRDA:305,28,1,0
BRDA:318,29,0,0
BRDA:366,30,0,1
BRDA:366,31,0,4
BRDA:366,31,1,3
BRDA:374,32,0,3
BRF:50
BRH:4
end_of_record
TN:
SF:src/engine/index.ts
FNF:0
FNH:0
DA:1,0
DA:2,0
DA:3,0
LF:3
LH:0
BRF:0
BRH:0
end_of_record
TN:
SF:src/entities/Coin.ts
FN:11,createCoin
FNF:1
FNH:1
FNDA:11,createCoin
DA:6,3
DA:7,3
DA:9,3
DA:11,3
DA:18,11
DA:19,11
LF:6
LH:6
BRF:0
BRH:0
end_of_record
TN:
SF:src/entities/Destructible.ts
FN:13,createMeteor
FN:29,createBlock
FN:45,createEnemyShip
FN:62,isDestructible
FNF:4
FNH:4
FNDA:16,createMeteor
FNDA:5,createBlock
FNDA:3,createEnemyShip
FNDA:7,isDestructible
DA:7,5
DA:8,5
DA:10,5
DA:11,5
DA:13,5
DA:19,16
DA:20,16
DA:21,16
DA:29,5
DA:35,5
DA:36,5
DA:37,5
DA:45,5
DA:51,3
DA:52,3
DA:53,3
DA:62,5
DA:63,7
LF:18
LH:18
BRDA:63,0,0,7
BRDA:63,0,1,3
BRDA:63,0,2,2
BRF:3
BRH:3
end_of_record
TN:
SF:src/entities/Entity.ts
FN:50,nextEntityId
FN:54,createEntity
FNF:2
FNH:2
FNDA:1436,nextEntityId
FNDA:1436,createEntity
DA:49,12
DA:50,12
DA:51,1436
DA:54,12
DA:63,1436
LF:5
LH:5
BRDA:57,0,0,3
BRF:1
BRH:1
end_of_record
TN:
SF:src/entities/Player.ts
FN:13,createPlayer
FN:22,laneToX
FN:27,xToLane
FN:32,movePlayerToLane
FNF:4
FNH:0
FNDA:0,createPlayer
FNDA:0,laneToX
FNDA:0,xToLane
FNDA:0,movePlayerToLane
DA:6,0
DA:7,0
DA:8,0
DA:10,0
DA:11,0
DA:13,0
DA:14,0
DA:15,0
DA:16,0
DA:17,0
DA:18,0
DA:19,0
DA:22,0
DA:23,0
DA:24,0
DA:27,0
DA:28,0
DA:29,0
DA:32,0
DA:37,0
DA:38,0
LF:21
LH:0
BRF:0
BRH:0
end_of_record
TN:
SF:src/entities/PlayerShip.ts
FN:11,createPlayerShip
FN:28,createDroneShip
FN:49,clampShipToBounds
FNF:3
FNH:3
FNDA:26,createPlayerShip
FNDA:4,createDroneShip
FNDA:4,clampShipToBounds
DA:6,6
DA:8,6
DA:9,6
DA:11,6
DA:16,26
DA:17,26
DA:18,26
DA:19,26
DA:20,26
DA:28,6
DA:34,4
DA:35,4
DA:36,4
DA:37,4
DA:38,4
DA:39,4
DA:40,4
DA:41,4
DA:42,4
DA:49,6
DA:54,4
LF:21
LH:21
BRDA:14,0,0,14
BRDA:21,1,0,26
BRDA:21,1,1,14
BRDA:23,2,0,26
BRDA:23,2,1,14
BRF:5
BRH:5
end_of_record
TN:
SF:src/entities/Powerup.ts
FN:12,createPowerup
FNF:1
FNH:1
FNDA:5,createPowerup
DA:7,3
DA:8,3
DA:10,3
DA:12,3
DA:19,5
DA:20,5
LF:6
LH:6
BRF:0
BRH:0
end_of_record
TN:
SF:src/entities/Projectile.ts
FN:18,createOne
FN:25,createProjectilePool
FN:33,(anonymous_2)
FN:57,(anonymous_3)
FN:65,(anonymous_4)
FNF:5
FNH:5
FNDA:1260,createOne
FNDA:21,createProjectilePool
FNDA:12,(anonymous_2)
FNDA:4,(anonymous_3)
FNDA:6,(anonymous_4)
DA:6,3
DA:7,3
DA:8,3
DA:10,3
DA:19,1260
DA:25,3
DA:26,21
DA:27,21
DA:28,21
DA:29,1260
DA:32,21
DA:40,12
DA:41,12
DA:42,12
DA:43,12
DA:44,12
DA:50,12
DA:51,12
DA:52,12
DA:53,12
DA:54,12
DA:58,4
DA:59,4
DA:60,3
DA:61,3
DA:66,6
LF:26
LH:26
BRDA:41,0,0,0
BRDA:59,1,0,3
BRF:2
BRH:1
end_of_record
TN:
SF:src/entities/Threat.ts
FN:15,createThreat
FN:36,pickRandomLane
FNF:2
FNH:2
FNDA:103,createThreat
FNDA:103,pickRandomLane
DA:6,1
DA:7,1
DA:8,1
DA:10,1
DA:11,1
DA:13,1
DA:15,1
DA:22,103
DA:23,103
DA:24,103
DA:25,103
DA:26,103
DA:27,103
DA:28,103
DA:29,103
DA:36,1
DA:37,103
LF:17
LH:17
BRDA:22,0,0,103
BRDA:22,0,1,103
BRDA:23,1,0,33
BRDA:23,1,1,70
BRDA:23,2,0,35
BRDA:23,2,1,35
BRF:6
BRH:6
end_of_record
TN:
SF:src/entities/index.ts
FNF:0
FNH:0
DA:1,0
DA:2,0
DA:3,0
DA:4,0
DA:5,0
DA:6,0
DA:7,0
DA:8,0
LF:8
LH:0
BRF:0
BRH:0
end_of_record
TN:
SF:src/monetization/AdsHooks.ts
FN:12,createAdsHooks
FN:14,(anonymous_1)
FN:19,(anonymous_2)
FN:22,(anonymous_3)
FN:25,(anonymous_4)
FNF:5
FNH:0
FNDA:0,createAdsHooks
FNDA:0,(anonymous_1)
FNDA:0,(anonymous_2)
FNDA:0,(anonymous_3)
FNDA:0,(anonymous_4)
DA:12,0
DA:13,0
DA:16,0
DA:17,0
DA:23,0
DA:26,0
LF:6
LH:0
BRDA:16,0,0,0
BRF:1
BRH:0
end_of_record
TN:
SF:src/monetization/IAPHooks.ts
FN:20,createIAPHooks
FN:24,(anonymous_1)
FN:27,(anonymous_2)
FN:34,(anonymous_3)
FN:35,(anonymous_4)
FNF:5
FNH:0
FNDA:0,createIAPHooks
FNDA:0,(anonymous_1)
FNDA:0,(anonymous_2)
FNDA:0,(anonymous_3)
FNDA:0,(anonymous_4)
DA:20,0
DA:21,0
DA:23,0
DA:25,0
DA:28,0
DA:29,0
DA:30,0
DA:32,0
DA:36,0
LF:9
LH:0
BRDA:28,0,0,0
BRF:1
BRH:0
end_of_record
TN:
SF:src/monetization/index.ts
FNF:0
FNH:0
DA:1,0
DA:2,0
LF:2
LH:0
BRF:0
BRH:0
end_of_record
TN:
SF:src/services/BackendAdapter.ts
FN:19,(anonymous_0)
FN:22,(anonymous_1)
FN:23,(anonymous_2)
FNF:3
FNH:0
FNDA:0,(anonymous_0)
FNDA:0,(anonymous_1)
FNDA:0,(anonymous_2)
DA:18,0
DA:20,0
DA:24,0
LF:3
LH:0
BRF:0
BRH:0
end_of_record
TN:
SF:src/services/DailyRewardService.ts
FN:20,createDailyRewardService
FN:24,todayKey
FN:29,save
FN:31,(anonymous_12)
FN:38,(anonymous_13)
FN:39,(anonymous_14)
FN:40,(anonymous_15)
FN:43,(anonymous_16)
FN:57,(anonymous_17)
FN:59,(anonymous_18)
FNF:10
FNH:7
FNDA:5,createDailyRewardService
FNDA:6,todayKey
FNDA:3,save
FNDA:3,(anonymous_12)
FNDA:1,(anonymous_13)
FNDA:0,(anonymous_14)
FNDA:2,(anonymous_15)
FNDA:4,(anonymous_16)
FNDA:0,(anonymous_17)
FNDA:0,(anonymous_18)
DA:5,1
DA:10,1
DA:20,1
DA:21,5
DA:22,5
DA:25,6
DA:26,6
DA:30,3
DA:31,6
DA:32,3
DA:33,0
DA:37,5
DA:38,1
DA:39,0
DA:41,2
DA:44,4
DA:45,4
DA:46,3
DA:47,3
DA:48,3
DA:49,3
DA:50,3
DA:51,3
DA:52,3
DA:53,3
DA:54,3
DA:55,3
DA:58,0
DA:59,0
DA:60,0
DA:61,0
DA:62,0
DA:64,0
DA:65,0
LF:34
LH:25
BRDA:32,0,0,3
BRDA:45,1,0,1
BRDA:49,2,0,0
BRDA:49,2,1,3
BRDA:50,3,0,3
BRDA:53,4,0,3
BRDA:53,4,1,0
BRDA:62,5,0,0
BRDA:62,6,0,0
BRDA:62,6,1,0
BRF:10
BRH:5
end_of_record
TN:
SF:src/services/EconomyService.ts
FN:15,createEconomyService
FN:19,(anonymous_10)
FN:20,(anonymous_11)
FN:23,(anonymous_12)
FN:28,(anonymous_13)
FN:30,(anonymous_14)
FN:37,(anonymous_15)
FN:39,(anonymous_16)
FNF:8
FNH:0
FNDA:0,createEconomyService
FNDA:0,(anonymous_10)
FNDA:0,(anonymous_11)
FNDA:0,(anonymous_12)
FNDA:0,(anonymous_13)
FNDA:0,(anonymous_14)
FNDA:0,(anonymous_15)
FNDA:0,(anonymous_16)
DA:13,0
DA:15,0
DA:16,0
DA:18,0
DA:19,0
DA:21,0
DA:24,0
DA:25,0
DA:26,0
DA:29,0
DA:30,0
DA:31,0
DA:32,0
DA:34,0
DA:38,0
DA:39,0
DA:40,0
LF:17
LH:0
BRDA:24,0,0,0
BRDA:32,1,0,0
BRDA:32,2,0,0
BRDA:32,2,1,0
BRF:4
BRH:0
end_of_record
TN:
SF:src/services/EventService.ts
FN:21,createEventService
FN:23,(anonymous_10)
FN:25,(anonymous_11)
FN:34,(anonymous_12)
FN:35,(anonymous_13)
FN:39,(anonymous_14)
FNF:6
FNH:0
FNDA:0,createEventService
FNDA:0,(anonymous_10)
FNDA:0,(anonymous_11)
FNDA:0,(anonymous_12)
FNDA:0,(anonymous_13)
FNDA:0,(anonymous_14)
DA:5,0
DA:21,0
DA:22,0
DA:24,0
DA:25,0
DA:26,0
DA:27,0
DA:28,0
DA:29,0
DA:31,0
DA:35,0
DA:36,0
DA:37,0
DA:40,0
LF:14
LH:0
BRDA:27,0,0,0
BRDA:29,1,0,0
BRDA:29,1,1,0
BRDA:36,2,0,0
BRDA:36,2,1,0
BRF:5
BRH:0
end_of_record
TN:
SF:src/services/FirebaseAdapter.ts
FN:8,createFirebaseAdapter
FN:10,(anonymous_1)
FN:15,(anonymous_2)
FN:18,(anonymous_3)
FNF:4
FNH:0
FNDA:0,createFirebaseAdapter
FNDA:0,(anonymous_1)
FNDA:0,(anonymous_2)
FNDA:0,(anonymous_3)
DA:8,0
DA:9,0
DA:13,0
DA:20,0
LF:4
LH:0
BRF:0
BRH:0
end_of_record
TN:
SF:src/services/LootboxService.ts
FN:21,createLootboxService
FN:23,(anonymous_1)
FN:24,(anonymous_2)
FN:26,(anonymous_3)
FNF:4
FNH:0
FNDA:0,createLootboxService
FNDA:0,(anonymous_1)
FNDA:0,(anonymous_2)
FNDA:0,(anonymous_3)
DA:7,0
DA:8,0
DA:21,0
DA:22,0
DA:23,0
DA:25,0
DA:26,0
DA:27,0
DA:28,0
LF:9
LH:0
BRDA:25,0,0,0
BRDA:26,1,0,0
BRDA:26,1,1,0
BRF:3
BRH:0
end_of_record
TN:
SF:src/services/MetaProgression.ts
FN:26,createMetaProgression
FN:33,(anonymous_10)
FN:34,(anonymous_11)
FN:35,(anonymous_12)
FN:38,(anonymous_13)
FN:41,(anonymous_14)
FN:42,(anonymous_15)
FN:43,(anonymous_16)
FN:47,(anonymous_17)
FN:51,(anonymous_18)
FN:53,(anonymous_19)
FN:59,(anonymous_20)
FN:60,(anonymous_21)
FN:64,(anonymous_22)
FN:66,(anonymous_23)
FNF:15
FNH:0
FNDA:0,createMetaProgression
FNDA:0,(anonymous_10)
FNDA:0,(anonymous_11)
FNDA:0,(anonymous_12)
FNDA:0,(anonymous_13)
FNDA:0,(anonymous_14)
FNDA:0,(anonymous_15)
FNDA:0,(anonymous_16)
FNDA:0,(anonymous_17)
FNDA:0,(anonymous_18)
FNDA:0,(anonymous_19)
FNDA:0,(anonymous_20)
FNDA:0,(anonymous_21)
FNDA:0,(anonymous_22)
FNDA:0,(anonymous_23)
DA:22,0
DA:23,0
DA:24,0
DA:26,0
DA:27,0
DA:28,0
DA:29,0
DA:30,0
DA:32,0
DA:33,0
DA:34,0
DA:36,0
DA:39,0
DA:41,0
DA:42,0
DA:44,0
DA:45,0
DA:48,0
DA:49,0
DA:52,0
DA:53,0
DA:54,0
DA:55,0
DA:56,0
DA:57,0
DA:58,0
DA:59,0
DA:60,0
DA:65,0
DA:66,0
DA:67,0
LF:31
LH:0
BRDA:36,0,0,0
BRDA:39,1,0,0
BRDA:55,2,0,0
BRDA:57,3,0,0
BRDA:58,4,0,0
BRDA:59,5,0,0
BRDA:60,6,0,0
BRF:7
BRH:0
end_of_record
TN:
SF:src/services/MissionService.ts
FN:40,createMissionService
FN:43,getProgress
FN:44,(anonymous_11)
FN:57,(anonymous_12)
FN:59,(anonymous_13)
FN:68,(anonymous_14)
FN:77,(anonymous_15)
FN:78,(anonymous_16)
FN:86,(anonymous_17)
FN:88,(anonymous_18)
FN:95,(anonymous_19)
FN:97,(anonymous_20)
FNF:12
FNH:8
FNDA:6,createMissionService
FNDA:3,getProgress
FNDA:12,(anonymous_11)
FNDA:2,(anonymous_12)
FNDA:9,(anonymous_13)
FNDA:1,(anonymous_14)
FNDA:3,(anonymous_15)
FNDA:3,(anonymous_16)
FNDA:0,(anonymous_17)
FNDA:0,(anonymous_18)
FNDA:0,(anonymous_19)
FNDA:0,(anonymous_20)
DA:21,1
DA:23,1
DA:40,1
DA:41,6
DA:44,3
DA:45,12
DA:46,12
DA:47,12
DA:56,6
DA:57,2
DA:60,9
DA:61,36
DA:62,18
DA:63,18
DA:64,18
DA:69,1
DA:70,4
DA:71,2
DA:72,2
DA:73,2
DA:78,3
DA:79,3
DA:80,3
DA:81,3
DA:82,2
DA:83,2
DA:84,2
DA:87,0
DA:88,0
DA:89,0
DA:90,0
DA:92,0
DA:96,0
DA:97,0
DA:98,0
LF:35
LH:27
BRDA:45,0,0,12
BRDA:45,0,1,8
BRDA:61,1,0,18
BRDA:62,2,0,18
BRDA:62,2,1,6
BRDA:63,3,0,18
BRDA:63,3,1,0
BRDA:70,4,0,2
BRDA:71,5,0,2
BRDA:71,5,1,2
BRDA:72,6,0,2
BRDA:79,7,0,0
BRDA:80,8,0,3
BRDA:80,8,1,0
BRDA:81,9,0,1
BRDA:81,10,0,3
BRDA:81,10,1,3
BRDA:90,11,0,0
BRF:18
BRH:14
end_of_record
TN:
SF:src/systems/DamageSystem.ts
FN:16,applyProjectileHits
FN:42,applyDamageToDestructible
FN:49,findShipCollision
FNF:3
FNH:3
FNDA:3,applyProjectileHits
FNDA:3,applyDamageToDestructible
FNDA:2,findShipCollision
DA:6,2
DA:7,2
DA:8,2
DA:16,2
DA:20,3
DA:21,3
DA:23,3
DA:24,3
DA:25,3
DA:26,3
DA:27,2
DA:28,1
DA:29,1
DA:30,1
DA:35,3
DA:42,2
DA:43,3
DA:44,3
DA:45,3
DA:46,3
DA:49,2
DA:53,2
DA:54,2
DA:55,2
DA:58,1
LF:25
LH:25
BRDA:24,0,0,0
BRDA:26,1,0,1
BRDA:26,2,0,3
BRDA:26,2,1,3
BRDA:26,3,0,3
BRDA:26,3,1,0
BRDA:27,4,0,1
BRDA:28,5,0,1
BRDA:28,5,1,1
BRDA:43,6,0,3
BRDA:43,6,1,0
BRDA:54,7,0,2
BRDA:54,8,0,2
BRDA:54,8,1,0
BRDA:54,8,2,0
BRDA:55,9,0,1
BRF:16
BRH:11
end_of_record
TN:
SF:src/systems/DropSystem.ts
FN:17,dropFromDestructible
FNF:1
FNH:1
FNDA:10,dropFromDestructible
DA:6,2
DA:7,2
DA:9,2
DA:10,2
DA:17,2
DA:22,10
DA:23,10
DA:24,10
DA:25,10
DA:26,10
DA:27,2
DA:28,1
DA:30,10
DA:31,10
DA:34,10
DA:35,10
DA:36,1
DA:37,1
DA:38,1
DA:41,10
LF:20
LH:20
BRDA:26,0,0,8
BRDA:26,0,1,2
BRDA:27,1,0,1
BRDA:27,1,1,1
BRDA:28,2,0,1
BRDA:30,3,0,10
BRDA:35,4,0,1
BRF:7
BRH:7
end_of_record
TN:
SF:src/systems/FeedbackSystem.ts
FN:30,loadHaptics
FN:33,(anonymous_10)
FN:40,getSound
FN:52,createFeedbackSystem
FN:54,(anonymous_13)
FN:56,(anonymous_14)
FN:59,(anonymous_15)
FN:63,(anonymous_16)
FN:67,(anonymous_17)
FN:72,(anonymous_18)
FN:75,(anonymous_19)
FN:82,(anonymous_20)
FN:95,(anonymous_21)
FN:101,(anonymous_22)
FNF:14
FNH:6
FNDA:10,loadHaptics
FNDA:7,(anonymous_10)
FNDA:6,getSound
FNDA:13,createFeedbackSystem
FNDA:10,(anonymous_13)
FNDA:10,(anonymous_14)
FNDA:0,(anonymous_15)
FNDA:0,(anonymous_16)
FNDA:0,(anonymous_17)
FNDA:0,(anonymous_18)
FNDA:0,(anonymous_19)
FNDA:0,(anonymous_20)
FNDA:0,(anonymous_21)
FNDA:0,(anonymous_22)
DA:27,2
DA:28,2
DA:31,10
DA:32,7
DA:33,14
DA:34,7
DA:36,0
DA:41,6
DA:42,6
DA:43,6
DA:44,0
DA:46,6
DA:49,6
DA:52,2
DA:53,13
DA:55,10
DA:57,10
DA:59,4
DA:60,4
DA:61,4
DA:63,1
DA:64,1
DA:65,1
DA:67,1
DA:68,1
DA:69,1
DA:72,3
DA:73,3
DA:75,0
DA:76,0
DA:77,0
DA:79,0
DA:80,0
DA:82,0
DA:83,0
DA:84,0
DA:86,0
DA:87,0
DA:89,0
DA:90,0
DA:92,0
DA:93,0
DA:95,0
DA:96,0
DA:98,1
LF:45
LH:27
BRDA:31,0,0,3
BRDA:41,1,0,6
BRDA:57,2,0,4
BRDA:57,2,1,1
BRDA:57,2,2,1
BRDA:57,2,3,1
BRDA:57,2,4,3
BRDA:57,2,5,0
BRDA:57,2,6,0
BRDA:57,2,7,0
BRDA:57,2,8,0
BRDA:57,2,9,0
BRDA:57,2,10,0
BRDA:57,2,11,0
BRDA:57,2,12,1
BRF:15
BRH:8
end_of_record
TN:
SF:src/systems/FleetSystem.ts
FN:10,updateFleetFormation
FN:16,(anonymous_1)
FN:36,getFleetShips
FN:38,(anonymous_3)
FNF:4
FNH:4
FNDA:2,updateFleetFormation
FNDA:2,(anonymous_1)
FNDA:2,getFleetShips
FNDA:4,(anonymous_3)
DA:7,2
DA:8,2
DA:10,2
DA:16,2
DA:17,2
DA:19,1
DA:20,1
DA:22,1
DA:23,1
DA:24,2
DA:25,1
DA:26,1
DA:27,1
DA:28,1
DA:29,1
DA:30,1
DA:32,2
DA:36,2
DA:37,2
DA:38,4
LF:20
LH:20
BRDA:16,0,0,2
BRDA:16,0,1,1
BRDA:17,1,0,1
BRDA:24,2,0,1
BRDA:24,3,0,2
BRDA:24,3,1,1
BRDA:38,4,0,4
BRDA:38,4,1,2
BRF:8
BRH:8
end_of_record
TN:
SF:src/systems/InputSystem.ts
FN:19,createInputSystem
FN:22,computeDirection
FN:36,(anonymous_2)
FN:39,(anonymous_3)
FNF:4
FNH:3
FNDA:5,createInputSystem
FNDA:7,computeDirection
FNDA:0,(anonymous_2)
FNDA:7,(anonymous_3)
DA:15,1
DA:16,1
DA:17,1
DA:19,1
DA:20,5
DA:23,7
DA:24,7
DA:25,7
DA:26,7
DA:27,5
DA:28,3
DA:29,3
DA:31,2
DA:32,2
DA:35,5
DA:37,0
DA:40,7
DA:41,7
DA:42,7
LF:19
LH:18
BRDA:26,0,0,2
BRDA:27,1,0,3
BRDA:28,2,0,0
BRDA:29,3,0,1
BRDA:29,3,1,2
BRDA:31,4,0,0
BRDA:32,5,0,1
BRDA:32,5,1,1
BRDA:41,6,0,0
BRDA:41,7,0,7
BRDA:41,7,1,5
BRF:11
BRH:8
end_of_record
TN:
SF:src/systems/ScoreSystem.ts
FN:13,createScoreSystem
FN:20,(anonymous_1)
FN:21,(anonymous_2)
FN:22,(anonymous_3)
FN:25,(anonymous_4)
FN:29,(anonymous_5)
FNF:6
FNH:6
FNDA:16,createScoreSystem
FNDA:5,(anonymous_1)
FNDA:4,(anonymous_2)
FNDA:3,(anonymous_3)
FNDA:3,(anonymous_4)
FNDA:12,(anonymous_5)
DA:13,2
DA:14,16
DA:15,16
DA:16,16
DA:17,16
DA:19,16
DA:20,5
DA:21,4
DA:23,3
DA:26,3
DA:27,3
DA:30,12
DA:31,12
LF:13
LH:13
BRF:0
BRH:0
end_of_record
TN:
SF:src/systems/SpaceSpawnManager.ts
FN:14,createSpaceSpawnManager
FN:18,speedForElapsed
FN:23,tick
FN:50,reset
FNF:4
FNH:4
FNDA:16,createSpaceSpawnManager
FNDA:6,speedForElapsed
FNDA:5,tick
FNDA:12,reset
DA:6,2
DA:14,2
DA:15,16
DA:16,16
DA:19,6
DA:20,6
DA:29,5
DA:30,5
DA:31,5
DA:33,5
DA:34,6
DA:35,6
DA:36,6
DA:37,6
DA:38,6
DA:39,5
DA:40,1
DA:41,1
DA:43,0
DA:47,5
DA:51,12
DA:54,16
LF:22
LH:21
BRDA:16,0,0,16
BRDA:16,0,1,0
BRDA:20,1,0,6
BRDA:20,1,1,0
BRDA:20,2,0,6
BRDA:20,2,1,0
BRDA:38,3,0,5
BRDA:38,3,1,1
BRDA:40,4,0,1
BRDA:40,4,1,0
BRF:10
BRH:6
end_of_record
TN:
SF:src/systems/SpawnManager.ts
FN:14,createSpawnManager
FN:17,speedForElapsed
FN:22,tick
FN:40,reset
FNF:4
FNH:4
FNDA:4,createSpawnManager
FNDA:103,speedForElapsed
FNDA:5,tick
FNDA:1,reset
DA:6,1
DA:14,1
DA:15,4
DA:18,103
DA:19,103
DA:28,5
DA:29,5
DA:30,5
DA:31,5
DA:32,103
DA:33,103
DA:34,103
DA:35,103
DA:37,5
DA:42,1
DA:45,4
LF:16
LH:16
BRF:0
BRH:0
end_of_record
TN:
SF:src/systems/WeaponSystem.ts
FN:17,createWeaponSystem
FN:21,(anonymous_1)
FN:25,(anonymous_2)
FN:36,(anonymous_3)
FN:82,moveProjectiles
FNF:5
FNH:5
FNDA:15,createWeaponSystem
FNDA:12,(anonymous_1)
FNDA:6,(anonymous_2)
FNDA:5,(anonymous_3)
FNDA:2,moveProjectiles
DA:8,2
DA:10,2
DA:11,2
DA:17,2
DA:18,15
DA:20,15
DA:22,12
DA:31,6
DA:32,6
DA:33,5
DA:35,5
DA:36,5
DA:38,5
DA:39,5
DA:40,5
DA:41,5
DA:43,5
DA:44,5
DA:45,5
DA:46,5
DA:48,5
DA:49,5
DA:50,5
DA:51,5
DA:52,5
DA:54,0
DA:55,0
DA:56,0
DA:57,0
DA:58,0
DA:59,0
DA:60,0
DA:61,0
DA:64,0
DA:65,0
DA:66,0
DA:67,0
DA:68,0
DA:69,0
DA:70,0
DA:71,0
DA:77,5
DA:82,2
DA:87,2
DA:88,2
DA:89,2
DA:90,2
DA:91,2
DA:92,2
DA:93,1
DA:96,2
LF:51
LH:35
BRDA:31,0,0,6
BRDA:31,0,1,0
BRDA:32,1,0,1
BRDA:36,2,0,5
BRDA:36,2,1,0
BRDA:40,3,0,5
BRDA:40,3,1,0
BRDA:44,4,0,5
BRDA:44,4,1,0
BRDA:48,5,0,5
BRDA:48,5,1,0
BRDA:50,6,0,5
BRDA:54,7,0,0
BRDA:54,7,1,0
BRDA:59,8,0,0
BRDA:64,9,0,0
BRDA:69,10,0,0
BRDA:89,11,0,0
BRDA:92,12,0,1
BRDA:92,13,0,2
BRDA:92,13,1,1
BRF:21
BRH:10
end_of_record
TN:
SF:src/systems/index.ts
FNF:0
FNH:0
DA:1,0
DA:2,0
DA:3,0
DA:4,0
DA:5,0
DA:6,0
DA:7,0
DA:8,0
DA:9,0
LF:9
LH:0
BRF:0
BRH:0
end_of_record
